{"C:\\Users\\maxam\\workspace\\rkd-emulator-nes\\src\\counter.ts": {"path":"C:\\Users\\maxam\\workspace\\rkd-emulator-nes\\src\\counter.ts","all":true,"statementMap":{"0":{"start":{"line":1,"column":0},"end":{"line":1,"column":58}},"1":{"start":{"line":2,"column":0},"end":{"line":2,"column":17}},"2":{"start":{"line":3,"column":0},"end":{"line":3,"column":41}},"3":{"start":{"line":4,"column":0},"end":{"line":4,"column":19}},"4":{"start":{"line":5,"column":0},"end":{"line":5,"column":45}},"5":{"start":{"line":6,"column":0},"end":{"line":6,"column":3}},"6":{"start":{"line":7,"column":0},"end":{"line":7,"column":66}},"7":{"start":{"line":8,"column":0},"end":{"line":8,"column":15}},"8":{"start":{"line":9,"column":0},"end":{"line":9,"column":1}}},"s":{"0":0,"1":0,"2":0,"3":0,"4":0,"5":0,"6":0,"7":0,"8":0},"branchMap":{"0":{"type":"branch","line":1,"loc":{"start":{"line":1,"column":273},"end":{"line":9,"column":1}},"locations":[{"start":{"line":1,"column":273},"end":{"line":9,"column":1}}]}},"b":{"0":[0]},"fnMap":{"0":{"name":"(empty-report)","decl":{"start":{"line":1,"column":273},"end":{"line":9,"column":1}},"loc":{"start":{"line":1,"column":273},"end":{"line":9,"column":1}},"line":1}},"f":{"0":0}}
,"C:\\Users\\maxam\\workspace\\rkd-emulator-nes\\src\\main.ts": {"path":"C:\\Users\\maxam\\workspace\\rkd-emulator-nes\\src\\main.ts","all":true,"statementMap":{"1":{"start":{"line":2,"column":0},"end":{"line":2,"column":44}},"2":{"start":{"line":3,"column":0},"end":{"line":3,"column":41}},"3":{"start":{"line":4,"column":0},"end":{"line":4,"column":40}},"4":{"start":{"line":5,"column":0},"end":{"line":5,"column":44}},"5":{"start":{"line":6,"column":0},"end":{"line":6,"column":44}},"6":{"start":{"line":7,"column":0},"end":{"line":7,"column":44}},"7":{"start":{"line":8,"column":0},"end":{"line":8,"column":48}},"8":{"start":{"line":9,"column":0},"end":{"line":9,"column":53}},"9":{"start":{"line":10,"column":0},"end":{"line":10,"column":44}},"10":{"start":{"line":11,"column":0},"end":{"line":11,"column":42}},"11":{"start":{"line":12,"column":0},"end":{"line":12,"column":32}},"12":{"start":{"line":13,"column":0},"end":{"line":13,"column":51}},"16":{"start":{"line":17,"column":0},"end":{"line":17,"column":62}},"19":{"start":{"line":20,"column":0},"end":{"line":20,"column":32}},"20":{"start":{"line":21,"column":0},"end":{"line":21,"column":33}},"23":{"start":{"line":24,"column":0},"end":{"line":24,"column":33}},"27":{"start":{"line":28,"column":0},"end":{"line":28,"column":31}},"28":{"start":{"line":29,"column":0},"end":{"line":29,"column":27}},"29":{"start":{"line":30,"column":0},"end":{"line":30,"column":40}},"30":{"start":{"line":31,"column":0},"end":{"line":31,"column":36}},"32":{"start":{"line":33,"column":0},"end":{"line":33,"column":20}},"33":{"start":{"line":34,"column":0},"end":{"line":34,"column":43}},"34":{"start":{"line":35,"column":0},"end":{"line":35,"column":22}},"35":{"start":{"line":36,"column":0},"end":{"line":36,"column":19}},"36":{"start":{"line":37,"column":0},"end":{"line":37,"column":12}},"40":{"start":{"line":41,"column":0},"end":{"line":41,"column":12}},"41":{"start":{"line":42,"column":0},"end":{"line":42,"column":68}},"42":{"start":{"line":43,"column":0},"end":{"line":43,"column":69}},"43":{"start":{"line":44,"column":0},"end":{"line":44,"column":67}},"44":{"start":{"line":45,"column":0},"end":{"line":45,"column":65}},"45":{"start":{"line":46,"column":0},"end":{"line":46,"column":69}},"46":{"start":{"line":47,"column":0},"end":{"line":47,"column":62}},"47":{"start":{"line":48,"column":0},"end":{"line":48,"column":68}},"48":{"start":{"line":49,"column":0},"end":{"line":49,"column":58}},"49":{"start":{"line":50,"column":0},"end":{"line":50,"column":58}},"50":{"start":{"line":51,"column":0},"end":{"line":51,"column":58}},"51":{"start":{"line":52,"column":0},"end":{"line":52,"column":60}},"52":{"start":{"line":53,"column":0},"end":{"line":53,"column":60}},"53":{"start":{"line":54,"column":0},"end":{"line":54,"column":58}},"54":{"start":{"line":55,"column":0},"end":{"line":55,"column":72}},"55":{"start":{"line":56,"column":0},"end":{"line":56,"column":70}},"56":{"start":{"line":57,"column":0},"end":{"line":57,"column":2}},"60":{"start":{"line":61,"column":0},"end":{"line":61,"column":17}},"61":{"start":{"line":62,"column":0},"end":{"line":62,"column":11}},"62":{"start":{"line":63,"column":0},"end":{"line":63,"column":26}},"63":{"start":{"line":64,"column":0},"end":{"line":64,"column":27}},"64":{"start":{"line":65,"column":0},"end":{"line":65,"column":17}},"65":{"start":{"line":66,"column":0},"end":{"line":66,"column":16}},"66":{"start":{"line":67,"column":0},"end":{"line":67,"column":13}},"67":{"start":{"line":68,"column":0},"end":{"line":68,"column":51}},"69":{"start":{"line":70,"column":0},"end":{"line":70,"column":24}},"72":{"start":{"line":73,"column":0},"end":{"line":73,"column":3}},"73":{"start":{"line":74,"column":0},"end":{"line":74,"column":1}},"75":{"start":{"line":76,"column":0},"end":{"line":76,"column":25}},"76":{"start":{"line":77,"column":0},"end":{"line":77,"column":40}},"77":{"start":{"line":78,"column":0},"end":{"line":78,"column":47}},"78":{"start":{"line":79,"column":0},"end":{"line":79,"column":1}},"80":{"start":{"line":81,"column":0},"end":{"line":81,"column":19}},"81":{"start":{"line":82,"column":0},"end":{"line":82,"column":54}},"82":{"start":{"line":83,"column":0},"end":{"line":83,"column":40}},"83":{"start":{"line":84,"column":0},"end":{"line":84,"column":22}},"84":{"start":{"line":85,"column":0},"end":{"line":85,"column":9}},"85":{"start":{"line":86,"column":0},"end":{"line":86,"column":47}},"86":{"start":{"line":87,"column":0},"end":{"line":87,"column":61}},"87":{"start":{"line":88,"column":0},"end":{"line":88,"column":36}},"88":{"start":{"line":89,"column":0},"end":{"line":89,"column":75}},"91":{"start":{"line":92,"column":0},"end":{"line":92,"column":21}},"92":{"start":{"line":93,"column":0},"end":{"line":93,"column":17}},"93":{"start":{"line":94,"column":0},"end":{"line":94,"column":30}},"94":{"start":{"line":95,"column":0},"end":{"line":95,"column":5}},"95":{"start":{"line":96,"column":0},"end":{"line":96,"column":5}},"97":{"start":{"line":98,"column":0},"end":{"line":98,"column":54}},"98":{"start":{"line":99,"column":0},"end":{"line":99,"column":52}},"99":{"start":{"line":100,"column":0},"end":{"line":100,"column":56}},"100":{"start":{"line":101,"column":0},"end":{"line":101,"column":56}},"102":{"start":{"line":103,"column":0},"end":{"line":103,"column":57}},"103":{"start":{"line":104,"column":0},"end":{"line":104,"column":1}},"107":{"start":{"line":108,"column":0},"end":{"line":108,"column":35}},"108":{"start":{"line":109,"column":0},"end":{"line":109,"column":36}},"110":{"start":{"line":111,"column":0},"end":{"line":111,"column":60}},"111":{"start":{"line":112,"column":0},"end":{"line":112,"column":43}},"112":{"start":{"line":113,"column":0},"end":{"line":113,"column":20}},"113":{"start":{"line":114,"column":0},"end":{"line":114,"column":28}},"114":{"start":{"line":115,"column":0},"end":{"line":115,"column":4}},"116":{"start":{"line":117,"column":0},"end":{"line":117,"column":60}},"118":{"start":{"line":119,"column":0},"end":{"line":119,"column":15}},"119":{"start":{"line":120,"column":0},"end":{"line":120,"column":38}},"120":{"start":{"line":121,"column":0},"end":{"line":121,"column":26}},"121":{"start":{"line":122,"column":0},"end":{"line":122,"column":12}},"122":{"start":{"line":123,"column":0},"end":{"line":123,"column":29}},"123":{"start":{"line":124,"column":0},"end":{"line":124,"column":5}},"125":{"start":{"line":126,"column":0},"end":{"line":126,"column":21}},"127":{"start":{"line":128,"column":0},"end":{"line":128,"column":63}},"128":{"start":{"line":129,"column":0},"end":{"line":129,"column":67}},"129":{"start":{"line":130,"column":0},"end":{"line":130,"column":67}},"130":{"start":{"line":131,"column":0},"end":{"line":131,"column":69}},"134":{"start":{"line":135,"column":0},"end":{"line":135,"column":18}},"135":{"start":{"line":136,"column":0},"end":{"line":136,"column":59}},"136":{"start":{"line":137,"column":0},"end":{"line":137,"column":18}},"137":{"start":{"line":138,"column":0},"end":{"line":138,"column":59}},"140":{"start":{"line":141,"column":0},"end":{"line":141,"column":64}},"141":{"start":{"line":142,"column":0},"end":{"line":142,"column":24}},"142":{"start":{"line":143,"column":0},"end":{"line":143,"column":69}},"144":{"start":{"line":145,"column":0},"end":{"line":145,"column":21}},"145":{"start":{"line":146,"column":0},"end":{"line":146,"column":5}},"146":{"start":{"line":147,"column":0},"end":{"line":147,"column":4}},"148":{"start":{"line":149,"column":0},"end":{"line":149,"column":68}},"149":{"start":{"line":150,"column":0},"end":{"line":150,"column":67}},"150":{"start":{"line":151,"column":0},"end":{"line":151,"column":1}},"152":{"start":{"line":153,"column":0},"end":{"line":153,"column":34}},"153":{"start":{"line":154,"column":0},"end":{"line":154,"column":41}},"154":{"start":{"line":155,"column":0},"end":{"line":155,"column":41}},"155":{"start":{"line":156,"column":0},"end":{"line":156,"column":18}},"156":{"start":{"line":157,"column":0},"end":{"line":157,"column":19}},"157":{"start":{"line":158,"column":0},"end":{"line":158,"column":92}},"158":{"start":{"line":159,"column":0},"end":{"line":159,"column":94}},"159":{"start":{"line":160,"column":0},"end":{"line":160,"column":6}},"160":{"start":{"line":161,"column":0},"end":{"line":161,"column":27}},"161":{"start":{"line":162,"column":0},"end":{"line":162,"column":28}},"162":{"start":{"line":163,"column":0},"end":{"line":163,"column":3}},"163":{"start":{"line":164,"column":0},"end":{"line":164,"column":1}},"167":{"start":{"line":168,"column":0},"end":{"line":168,"column":34}},"168":{"start":{"line":169,"column":0},"end":{"line":169,"column":47}},"169":{"start":{"line":170,"column":0},"end":{"line":170,"column":21}},"171":{"start":{"line":172,"column":0},"end":{"line":172,"column":20}},"172":{"start":{"line":173,"column":0},"end":{"line":173,"column":41}},"173":{"start":{"line":174,"column":0},"end":{"line":174,"column":39}},"174":{"start":{"line":175,"column":0},"end":{"line":175,"column":41}},"175":{"start":{"line":176,"column":0},"end":{"line":176,"column":40}},"176":{"start":{"line":177,"column":0},"end":{"line":177,"column":67}},"177":{"start":{"line":178,"column":0},"end":{"line":178,"column":5}},"178":{"start":{"line":179,"column":0},"end":{"line":179,"column":5}},"179":{"start":{"line":180,"column":0},"end":{"line":180,"column":1}},"183":{"start":{"line":184,"column":0},"end":{"line":184,"column":55}},"184":{"start":{"line":185,"column":0},"end":{"line":185,"column":41}},"187":{"start":{"line":188,"column":0},"end":{"line":188,"column":40}},"188":{"start":{"line":189,"column":0},"end":{"line":189,"column":38}},"189":{"start":{"line":190,"column":0},"end":{"line":190,"column":80}},"190":{"start":{"line":191,"column":0},"end":{"line":191,"column":3}},"192":{"start":{"line":193,"column":0},"end":{"line":193,"column":44}},"193":{"start":{"line":194,"column":0},"end":{"line":194,"column":26}},"194":{"start":{"line":195,"column":0},"end":{"line":195,"column":37}},"195":{"start":{"line":196,"column":0},"end":{"line":196,"column":24}},"196":{"start":{"line":197,"column":0},"end":{"line":197,"column":27}},"198":{"start":{"line":199,"column":0},"end":{"line":199,"column":30}},"199":{"start":{"line":200,"column":0},"end":{"line":200,"column":21}},"201":{"start":{"line":202,"column":0},"end":{"line":202,"column":23}},"202":{"start":{"line":203,"column":0},"end":{"line":203,"column":78}},"203":{"start":{"line":204,"column":0},"end":{"line":204,"column":30}},"204":{"start":{"line":205,"column":0},"end":{"line":205,"column":78}},"205":{"start":{"line":206,"column":0},"end":{"line":206,"column":30}},"206":{"start":{"line":207,"column":0},"end":{"line":207,"column":78}},"207":{"start":{"line":208,"column":0},"end":{"line":208,"column":3}},"209":{"start":{"line":210,"column":0},"end":{"line":210,"column":28}},"210":{"start":{"line":211,"column":0},"end":{"line":211,"column":24}},"212":{"start":{"line":213,"column":0},"end":{"line":213,"column":24}},"214":{"start":{"line":215,"column":0},"end":{"line":215,"column":14}},"215":{"start":{"line":216,"column":0},"end":{"line":216,"column":14}},"217":{"start":{"line":218,"column":0},"end":{"line":218,"column":13}},"218":{"start":{"line":219,"column":0},"end":{"line":219,"column":23}},"219":{"start":{"line":220,"column":0},"end":{"line":220,"column":16}},"220":{"start":{"line":221,"column":0},"end":{"line":221,"column":36}},"221":{"start":{"line":222,"column":0},"end":{"line":222,"column":1}},"224":{"start":{"line":225,"column":0},"end":{"line":225,"column":40}},"225":{"start":{"line":226,"column":0},"end":{"line":226,"column":52}},"226":{"start":{"line":227,"column":0},"end":{"line":227,"column":80}},"228":{"start":{"line":229,"column":0},"end":{"line":229,"column":36}},"229":{"start":{"line":230,"column":0},"end":{"line":230,"column":25}},"230":{"start":{"line":231,"column":0},"end":{"line":231,"column":31}},"231":{"start":{"line":232,"column":0},"end":{"line":232,"column":31}},"232":{"start":{"line":233,"column":0},"end":{"line":233,"column":3}},"234":{"start":{"line":235,"column":0},"end":{"line":235,"column":34}},"235":{"start":{"line":236,"column":0},"end":{"line":236,"column":23}},"236":{"start":{"line":237,"column":0},"end":{"line":237,"column":31}},"237":{"start":{"line":238,"column":0},"end":{"line":238,"column":31}},"238":{"start":{"line":239,"column":0},"end":{"line":239,"column":72}},"239":{"start":{"line":240,"column":0},"end":{"line":240,"column":3}},"241":{"start":{"line":242,"column":0},"end":{"line":242,"column":34}},"242":{"start":{"line":243,"column":0},"end":{"line":243,"column":23}},"243":{"start":{"line":244,"column":0},"end":{"line":244,"column":31}},"244":{"start":{"line":245,"column":0},"end":{"line":245,"column":31}},"245":{"start":{"line":246,"column":0},"end":{"line":246,"column":72}},"246":{"start":{"line":247,"column":0},"end":{"line":247,"column":3}},"247":{"start":{"line":248,"column":0},"end":{"line":248,"column":1}},"251":{"start":{"line":252,"column":0},"end":{"line":252,"column":37}},"252":{"start":{"line":253,"column":0},"end":{"line":253,"column":19}},"253":{"start":{"line":254,"column":0},"end":{"line":254,"column":35}},"254":{"start":{"line":255,"column":0},"end":{"line":255,"column":15}},"257":{"start":{"line":258,"column":0},"end":{"line":258,"column":37}},"258":{"start":{"line":259,"column":0},"end":{"line":259,"column":16}},"259":{"start":{"line":260,"column":0},"end":{"line":260,"column":21}},"260":{"start":{"line":261,"column":0},"end":{"line":261,"column":5}},"263":{"start":{"line":264,"column":0},"end":{"line":264,"column":23}},"264":{"start":{"line":265,"column":0},"end":{"line":265,"column":3}},"265":{"start":{"line":266,"column":0},"end":{"line":266,"column":1}},"267":{"start":{"line":268,"column":0},"end":{"line":268,"column":29}},"268":{"start":{"line":269,"column":0},"end":{"line":269,"column":40}},"269":{"start":{"line":270,"column":0},"end":{"line":270,"column":75}},"270":{"start":{"line":271,"column":0},"end":{"line":271,"column":37}},"271":{"start":{"line":272,"column":0},"end":{"line":272,"column":16}},"272":{"start":{"line":273,"column":0},"end":{"line":273,"column":3}},"273":{"start":{"line":274,"column":0},"end":{"line":274,"column":1}},"275":{"start":{"line":276,"column":0},"end":{"line":276,"column":26}},"276":{"start":{"line":277,"column":0},"end":{"line":277,"column":38}},"277":{"start":{"line":278,"column":0},"end":{"line":278,"column":7}},"278":{"start":{"line":279,"column":0},"end":{"line":279,"column":15}},"279":{"start":{"line":280,"column":0},"end":{"line":280,"column":44}},"280":{"start":{"line":281,"column":0},"end":{"line":281,"column":18}},"281":{"start":{"line":282,"column":0},"end":{"line":282,"column":15}},"282":{"start":{"line":283,"column":0},"end":{"line":283,"column":43}},"283":{"start":{"line":284,"column":0},"end":{"line":284,"column":15}},"284":{"start":{"line":285,"column":0},"end":{"line":285,"column":28}},"285":{"start":{"line":286,"column":0},"end":{"line":286,"column":3}},"286":{"start":{"line":287,"column":0},"end":{"line":287,"column":1}},"288":{"start":{"line":289,"column":0},"end":{"line":289,"column":25}},"289":{"start":{"line":290,"column":0},"end":{"line":290,"column":38}},"291":{"start":{"line":292,"column":0},"end":{"line":292,"column":17}},"292":{"start":{"line":293,"column":0},"end":{"line":293,"column":17}},"293":{"start":{"line":294,"column":0},"end":{"line":294,"column":36}},"294":{"start":{"line":295,"column":0},"end":{"line":295,"column":19}},"295":{"start":{"line":296,"column":0},"end":{"line":296,"column":53}},"297":{"start":{"line":298,"column":0},"end":{"line":298,"column":37}},"298":{"start":{"line":299,"column":0},"end":{"line":299,"column":41}},"300":{"start":{"line":301,"column":0},"end":{"line":301,"column":9}},"301":{"start":{"line":302,"column":0},"end":{"line":302,"column":72}},"302":{"start":{"line":303,"column":0},"end":{"line":303,"column":40}},"303":{"start":{"line":304,"column":0},"end":{"line":304,"column":19}},"304":{"start":{"line":305,"column":0},"end":{"line":305,"column":44}},"305":{"start":{"line":306,"column":0},"end":{"line":306,"column":7}},"307":{"start":{"line":308,"column":0},"end":{"line":308,"column":20}},"308":{"start":{"line":309,"column":0},"end":{"line":309,"column":17}},"310":{"start":{"line":311,"column":0},"end":{"line":311,"column":19}},"311":{"start":{"line":312,"column":0},"end":{"line":312,"column":40}},"312":{"start":{"line":313,"column":0},"end":{"line":313,"column":25}},"313":{"start":{"line":314,"column":0},"end":{"line":314,"column":23}},"314":{"start":{"line":315,"column":0},"end":{"line":315,"column":28}},"315":{"start":{"line":316,"column":0},"end":{"line":316,"column":27}},"316":{"start":{"line":317,"column":0},"end":{"line":317,"column":7}},"318":{"start":{"line":319,"column":0},"end":{"line":319,"column":57}},"319":{"start":{"line":320,"column":0},"end":{"line":320,"column":17}},"320":{"start":{"line":321,"column":0},"end":{"line":321,"column":30}},"321":{"start":{"line":322,"column":0},"end":{"line":322,"column":23}},"322":{"start":{"line":323,"column":0},"end":{"line":323,"column":5}},"323":{"start":{"line":324,"column":0},"end":{"line":324,"column":4}},"325":{"start":{"line":326,"column":0},"end":{"line":326,"column":53}},"326":{"start":{"line":327,"column":0},"end":{"line":327,"column":1}},"328":{"start":{"line":329,"column":0},"end":{"line":329,"column":24}},"329":{"start":{"line":330,"column":0},"end":{"line":330,"column":27}},"330":{"start":{"line":331,"column":0},"end":{"line":331,"column":33}},"331":{"start":{"line":332,"column":0},"end":{"line":332,"column":3}},"332":{"start":{"line":333,"column":0},"end":{"line":333,"column":1}},"334":{"start":{"line":335,"column":0},"end":{"line":335,"column":27}},"335":{"start":{"line":336,"column":0},"end":{"line":336,"column":18}},"336":{"start":{"line":337,"column":0},"end":{"line":337,"column":25}},"337":{"start":{"line":338,"column":0},"end":{"line":338,"column":43}},"338":{"start":{"line":339,"column":0},"end":{"line":339,"column":28}},"339":{"start":{"line":340,"column":0},"end":{"line":340,"column":3}},"340":{"start":{"line":341,"column":0},"end":{"line":341,"column":19}},"341":{"start":{"line":342,"column":0},"end":{"line":342,"column":43}},"342":{"start":{"line":343,"column":0},"end":{"line":343,"column":1}},"344":{"start":{"line":345,"column":0},"end":{"line":345,"column":27}},"345":{"start":{"line":346,"column":0},"end":{"line":346,"column":27}},"346":{"start":{"line":347,"column":0},"end":{"line":347,"column":19}},"347":{"start":{"line":348,"column":0},"end":{"line":348,"column":14}},"348":{"start":{"line":349,"column":0},"end":{"line":349,"column":14}},"349":{"start":{"line":350,"column":0},"end":{"line":350,"column":26}},"350":{"start":{"line":351,"column":0},"end":{"line":351,"column":13}},"351":{"start":{"line":352,"column":0},"end":{"line":352,"column":16}},"352":{"start":{"line":353,"column":0},"end":{"line":353,"column":45}},"353":{"start":{"line":354,"column":0},"end":{"line":354,"column":1}},"357":{"start":{"line":358,"column":0},"end":{"line":358,"column":21}},"358":{"start":{"line":359,"column":0},"end":{"line":359,"column":13}},"359":{"start":{"line":360,"column":0},"end":{"line":360,"column":14}},"360":{"start":{"line":361,"column":0},"end":{"line":361,"column":11}},"361":{"start":{"line":362,"column":0},"end":{"line":362,"column":3}},"362":{"start":{"line":363,"column":0},"end":{"line":363,"column":20}},"363":{"start":{"line":364,"column":0},"end":{"line":364,"column":22}},"364":{"start":{"line":365,"column":0},"end":{"line":365,"column":1}},"366":{"start":{"line":367,"column":0},"end":{"line":367,"column":28}},"367":{"start":{"line":368,"column":0},"end":{"line":368,"column":19}},"368":{"start":{"line":369,"column":0},"end":{"line":369,"column":85}},"370":{"start":{"line":371,"column":0},"end":{"line":371,"column":43}},"371":{"start":{"line":372,"column":0},"end":{"line":372,"column":43}},"372":{"start":{"line":373,"column":0},"end":{"line":373,"column":43}},"373":{"start":{"line":374,"column":0},"end":{"line":374,"column":45}},"374":{"start":{"line":375,"column":0},"end":{"line":375,"column":45}},"375":{"start":{"line":376,"column":0},"end":{"line":376,"column":41}},"376":{"start":{"line":377,"column":0},"end":{"line":377,"column":1}},"378":{"start":{"line":379,"column":0},"end":{"line":379,"column":30}},"379":{"start":{"line":380,"column":0},"end":{"line":380,"column":38}},"381":{"start":{"line":382,"column":0},"end":{"line":382,"column":44}},"382":{"start":{"line":383,"column":0},"end":{"line":383,"column":47}},"383":{"start":{"line":384,"column":0},"end":{"line":384,"column":16}},"385":{"start":{"line":386,"column":0},"end":{"line":386,"column":55}},"386":{"start":{"line":387,"column":0},"end":{"line":387,"column":34}},"387":{"start":{"line":388,"column":0},"end":{"line":388,"column":59}},"388":{"start":{"line":389,"column":0},"end":{"line":389,"column":38}},"390":{"start":{"line":391,"column":0},"end":{"line":391,"column":56}},"391":{"start":{"line":392,"column":0},"end":{"line":392,"column":60}},"393":{"start":{"line":394,"column":0},"end":{"line":394,"column":3}},"395":{"start":{"line":396,"column":0},"end":{"line":396,"column":34}},"397":{"start":{"line":398,"column":0},"end":{"line":398,"column":63}},"398":{"start":{"line":399,"column":0},"end":{"line":399,"column":87}},"399":{"start":{"line":400,"column":0},"end":{"line":400,"column":1}},"401":{"start":{"line":402,"column":0},"end":{"line":402,"column":29}},"402":{"start":{"line":403,"column":0},"end":{"line":403,"column":22}},"403":{"start":{"line":404,"column":0},"end":{"line":404,"column":46}},"404":{"start":{"line":405,"column":0},"end":{"line":405,"column":3}},"405":{"start":{"line":406,"column":0},"end":{"line":406,"column":1}},"407":{"start":{"line":408,"column":0},"end":{"line":408,"column":41}},"408":{"start":{"line":409,"column":0},"end":{"line":409,"column":17}},"409":{"start":{"line":410,"column":0},"end":{"line":410,"column":44}},"410":{"start":{"line":411,"column":0},"end":{"line":411,"column":44}},"411":{"start":{"line":412,"column":0},"end":{"line":412,"column":42}},"412":{"start":{"line":413,"column":0},"end":{"line":413,"column":41}},"413":{"start":{"line":414,"column":0},"end":{"line":414,"column":43}},"414":{"start":{"line":415,"column":0},"end":{"line":415,"column":52}},"415":{"start":{"line":416,"column":0},"end":{"line":416,"column":40}},"416":{"start":{"line":417,"column":0},"end":{"line":417,"column":41}},"417":{"start":{"line":418,"column":0},"end":{"line":418,"column":4}},"419":{"start":{"line":420,"column":0},"end":{"line":420,"column":14}},"420":{"start":{"line":421,"column":0},"end":{"line":421,"column":17}},"421":{"start":{"line":422,"column":0},"end":{"line":422,"column":36}},"422":{"start":{"line":423,"column":0},"end":{"line":423,"column":93}},"423":{"start":{"line":424,"column":0},"end":{"line":424,"column":6}},"424":{"start":{"line":425,"column":0},"end":{"line":425,"column":14}},"425":{"start":{"line":426,"column":0},"end":{"line":426,"column":1}},"427":{"start":{"line":428,"column":0},"end":{"line":428,"column":24}},"428":{"start":{"line":429,"column":0},"end":{"line":429,"column":39}},"429":{"start":{"line":430,"column":0},"end":{"line":430,"column":1}},"431":{"start":{"line":432,"column":0},"end":{"line":432,"column":20}},"432":{"start":{"line":433,"column":0},"end":{"line":433,"column":29}},"433":{"start":{"line":434,"column":0},"end":{"line":434,"column":29}},"434":{"start":{"line":435,"column":0},"end":{"line":435,"column":29}},"435":{"start":{"line":436,"column":0},"end":{"line":436,"column":30}},"436":{"start":{"line":437,"column":0},"end":{"line":437,"column":30}},"437":{"start":{"line":438,"column":0},"end":{"line":438,"column":35}},"438":{"start":{"line":439,"column":0},"end":{"line":439,"column":32}},"439":{"start":{"line":440,"column":0},"end":{"line":440,"column":58}},"440":{"start":{"line":441,"column":0},"end":{"line":441,"column":1}},"443":{"start":{"line":444,"column":0},"end":{"line":444,"column":84}},"444":{"start":{"line":445,"column":0},"end":{"line":445,"column":34}},"445":{"start":{"line":446,"column":0},"end":{"line":446,"column":49}},"446":{"start":{"line":447,"column":0},"end":{"line":447,"column":61}},"447":{"start":{"line":448,"column":0},"end":{"line":448,"column":57}},"448":{"start":{"line":449,"column":0},"end":{"line":449,"column":1}},"450":{"start":{"line":451,"column":0},"end":{"line":451,"column":43}},"451":{"start":{"line":452,"column":0},"end":{"line":452,"column":23}},"452":{"start":{"line":453,"column":0},"end":{"line":453,"column":43}},"453":{"start":{"line":454,"column":0},"end":{"line":454,"column":42}},"454":{"start":{"line":455,"column":0},"end":{"line":455,"column":45}},"455":{"start":{"line":456,"column":0},"end":{"line":456,"column":33}},"456":{"start":{"line":457,"column":0},"end":{"line":457,"column":1}},"458":{"start":{"line":459,"column":0},"end":{"line":459,"column":34}},"459":{"start":{"line":460,"column":0},"end":{"line":460,"column":21}},"460":{"start":{"line":461,"column":0},"end":{"line":461,"column":47}},"461":{"start":{"line":462,"column":0},"end":{"line":462,"column":19}},"462":{"start":{"line":463,"column":0},"end":{"line":463,"column":1}},"466":{"start":{"line":467,"column":0},"end":{"line":467,"column":40}},"467":{"start":{"line":468,"column":0},"end":{"line":468,"column":54}},"468":{"start":{"line":469,"column":0},"end":{"line":469,"column":8}},"469":{"start":{"line":470,"column":0},"end":{"line":470,"column":9}},"470":{"start":{"line":471,"column":0},"end":{"line":471,"column":1}}},"s":{"1":0,"2":0,"3":0,"4":0,"5":0,"6":0,"7":0,"8":0,"9":0,"10":0,"11":0,"12":0,"16":0,"19":0,"20":0,"23":0,"27":0,"28":0,"29":0,"30":0,"32":0,"33":0,"34":0,"35":0,"36":0,"40":0,"41":0,"42":0,"43":0,"44":0,"45":0,"46":0,"47":0,"48":0,"49":0,"50":0,"51":0,"52":0,"53":0,"54":0,"55":0,"56":0,"60":0,"61":0,"62":0,"63":0,"64":0,"65":0,"66":0,"67":0,"69":0,"72":0,"73":0,"75":0,"76":0,"77":0,"78":0,"80":0,"81":0,"82":0,"83":0,"84":0,"85":0,"86":0,"87":0,"88":0,"91":0,"92":0,"93":0,"94":0,"95":0,"97":0,"98":0,"99":0,"100":0,"102":0,"103":0,"107":0,"108":0,"110":0,"111":0,"112":0,"113":0,"114":0,"116":0,"118":0,"119":0,"120":0,"121":0,"122":0,"123":0,"125":0,"127":0,"128":0,"129":0,"130":0,"134":0,"135":0,"136":0,"137":0,"140":0,"141":0,"142":0,"144":0,"145":0,"146":0,"148":0,"149":0,"150":0,"152":0,"153":0,"154":0,"155":0,"156":0,"157":0,"158":0,"159":0,"160":0,"161":0,"162":0,"163":0,"167":0,"168":0,"169":0,"171":0,"172":0,"173":0,"174":0,"175":0,"176":0,"177":0,"178":0,"179":0,"183":0,"184":0,"187":0,"188":0,"189":0,"190":0,"192":0,"193":0,"194":0,"195":0,"196":0,"198":0,"199":0,"201":0,"202":0,"203":0,"204":0,"205":0,"206":0,"207":0,"209":0,"210":0,"212":0,"214":0,"215":0,"217":0,"218":0,"219":0,"220":0,"221":0,"224":0,"225":0,"226":0,"228":0,"229":0,"230":0,"231":0,"232":0,"234":0,"235":0,"236":0,"237":0,"238":0,"239":0,"241":0,"242":0,"243":0,"244":0,"245":0,"246":0,"247":0,"251":0,"252":0,"253":0,"254":0,"257":0,"258":0,"259":0,"260":0,"263":0,"264":0,"265":0,"267":0,"268":0,"269":0,"270":0,"271":0,"272":0,"273":0,"275":0,"276":0,"277":0,"278":0,"279":0,"280":0,"281":0,"282":0,"283":0,"284":0,"285":0,"286":0,"288":0,"289":0,"291":0,"292":0,"293":0,"294":0,"295":0,"297":0,"298":0,"300":0,"301":0,"302":0,"303":0,"304":0,"305":0,"307":0,"308":0,"310":0,"311":0,"312":0,"313":0,"314":0,"315":0,"316":0,"318":0,"319":0,"320":0,"321":0,"322":0,"323":0,"325":0,"326":0,"328":0,"329":0,"330":0,"331":0,"332":0,"334":0,"335":0,"336":0,"337":0,"338":0,"339":0,"340":0,"341":0,"342":0,"344":0,"345":0,"346":0,"347":0,"348":0,"349":0,"350":0,"351":0,"352":0,"353":0,"357":0,"358":0,"359":0,"360":0,"361":0,"362":0,"363":0,"364":0,"366":0,"367":0,"368":0,"370":0,"371":0,"372":0,"373":0,"374":0,"375":0,"376":0,"378":0,"379":0,"381":0,"382":0,"383":0,"385":0,"386":0,"387":0,"388":0,"390":0,"391":0,"393":0,"395":0,"397":0,"398":0,"399":0,"401":0,"402":0,"403":0,"404":0,"405":0,"407":0,"408":0,"409":0,"410":0,"411":0,"412":0,"413":0,"414":0,"415":0,"416":0,"417":0,"419":0,"420":0,"421":0,"422":0,"423":0,"424":0,"425":0,"427":0,"428":0,"429":0,"431":0,"432":0,"433":0,"434":0,"435":0,"436":0,"437":0,"438":0,"439":0,"440":0,"443":0,"444":0,"445":0,"446":0,"447":0,"448":0,"450":0,"451":0,"452":0,"453":0,"454":0,"455":0,"456":0,"458":0,"459":0,"460":0,"461":0,"462":0,"466":0,"467":0,"468":0,"469":0,"470":0},"branchMap":{"0":{"type":"branch","line":1,"loc":{"start":{"line":1,"column":13324},"end":{"line":471,"column":1}},"locations":[{"start":{"line":1,"column":13324},"end":{"line":471,"column":1}}]}},"b":{"0":[1]},"fnMap":{"0":{"name":"(empty-report)","decl":{"start":{"line":1,"column":13324},"end":{"line":471,"column":1}},"loc":{"start":{"line":1,"column":13324},"end":{"line":471,"column":1}},"line":1}},"f":{"0":1}}
,"C:\\Users\\maxam\\workspace\\rkd-emulator-nes\\src\\cpu\\Cpu6502.ts": {"path":"C:\\Users\\maxam\\workspace\\rkd-emulator-nes\\src\\cpu\\Cpu6502.ts","all":false,"statementMap":{"1":{"start":{"line":2,"column":0},"end":{"line":2,"column":41}},"2":{"start":{"line":3,"column":0},"end":{"line":3,"column":39}},"15":{"start":{"line":16,"column":0},"end":{"line":16,"column":22}},"16":{"start":{"line":17,"column":0},"end":{"line":17,"column":21}},"17":{"start":{"line":18,"column":0},"end":{"line":18,"column":24}},"18":{"start":{"line":19,"column":0},"end":{"line":19,"column":24}},"19":{"start":{"line":20,"column":0},"end":{"line":20,"column":62}},"20":{"start":{"line":21,"column":0},"end":{"line":21,"column":28}},"21":{"start":{"line":22,"column":0},"end":{"line":22,"column":32}},"23":{"start":{"line":24,"column":0},"end":{"line":24,"column":39}},"27":{"start":{"line":28,"column":0},"end":{"line":28,"column":17}},"28":{"start":{"line":29,"column":0},"end":{"line":29,"column":39}},"29":{"start":{"line":30,"column":0},"end":{"line":30,"column":39}},"30":{"start":{"line":31,"column":0},"end":{"line":31,"column":39}},"31":{"start":{"line":32,"column":0},"end":{"line":32,"column":18}},"33":{"start":{"line":34,"column":0},"end":{"line":34,"column":59}},"34":{"start":{"line":35,"column":0},"end":{"line":35,"column":3}},"37":{"start":{"line":38,"column":0},"end":{"line":38,"column":15}},"39":{"start":{"line":40,"column":0},"end":{"line":40,"column":36}},"40":{"start":{"line":41,"column":0},"end":{"line":41,"column":29}},"41":{"start":{"line":42,"column":0},"end":{"line":42,"column":60}},"42":{"start":{"line":43,"column":0},"end":{"line":43,"column":16}},"44":{"start":{"line":45,"column":0},"end":{"line":45,"column":50}},"46":{"start":{"line":47,"column":0},"end":{"line":47,"column":39}},"47":{"start":{"line":48,"column":0},"end":{"line":48,"column":39}},"48":{"start":{"line":49,"column":0},"end":{"line":49,"column":39}},"49":{"start":{"line":50,"column":0},"end":{"line":50,"column":3}},"52":{"start":{"line":53,"column":0},"end":{"line":53,"column":15}},"53":{"start":{"line":54,"column":0},"end":{"line":54,"column":56}},"54":{"start":{"line":55,"column":0},"end":{"line":55,"column":22}},"55":{"start":{"line":56,"column":0},"end":{"line":56,"column":3}},"57":{"start":{"line":58,"column":0},"end":{"line":58,"column":44}},"59":{"start":{"line":60,"column":0},"end":{"line":60,"column":36}},"60":{"start":{"line":61,"column":0},"end":{"line":61,"column":29}},"61":{"start":{"line":62,"column":0},"end":{"line":62,"column":18}},"62":{"start":{"line":63,"column":0},"end":{"line":63,"column":56}},"63":{"start":{"line":64,"column":0},"end":{"line":64,"column":35}},"64":{"start":{"line":65,"column":0},"end":{"line":65,"column":21}},"65":{"start":{"line":66,"column":0},"end":{"line":66,"column":50}},"66":{"start":{"line":67,"column":0},"end":{"line":67,"column":39}},"67":{"start":{"line":68,"column":0},"end":{"line":68,"column":39}},"68":{"start":{"line":69,"column":0},"end":{"line":69,"column":39}},"69":{"start":{"line":70,"column":0},"end":{"line":70,"column":3}},"73":{"start":{"line":74,"column":0},"end":{"line":74,"column":37}},"74":{"start":{"line":75,"column":0},"end":{"line":75,"column":32}},"75":{"start":{"line":76,"column":0},"end":{"line":76,"column":3}},"77":{"start":{"line":78,"column":0},"end":{"line":78,"column":50}},"78":{"start":{"line":79,"column":0},"end":{"line":79,"column":29}},"79":{"start":{"line":80,"column":0},"end":{"line":80,"column":24}},"80":{"start":{"line":81,"column":0},"end":{"line":81,"column":3}},"82":{"start":{"line":83,"column":0},"end":{"line":83,"column":37}},"83":{"start":{"line":84,"column":0},"end":{"line":84,"column":62}},"84":{"start":{"line":85,"column":0},"end":{"line":85,"column":34}},"85":{"start":{"line":86,"column":0},"end":{"line":86,"column":3}},"87":{"start":{"line":88,"column":0},"end":{"line":88,"column":26}},"88":{"start":{"line":89,"column":0},"end":{"line":89,"column":34}},"89":{"start":{"line":90,"column":0},"end":{"line":90,"column":61}},"90":{"start":{"line":91,"column":0},"end":{"line":91,"column":3}},"92":{"start":{"line":93,"column":0},"end":{"line":93,"column":34}},"93":{"start":{"line":94,"column":0},"end":{"line":94,"column":50}},"94":{"start":{"line":95,"column":0},"end":{"line":95,"column":54}},"95":{"start":{"line":96,"column":0},"end":{"line":96,"column":3}},"99":{"start":{"line":100,"column":0},"end":{"line":100,"column":31}},"100":{"start":{"line":101,"column":0},"end":{"line":101,"column":46}},"101":{"start":{"line":102,"column":0},"end":{"line":102,"column":36}},"102":{"start":{"line":103,"column":0},"end":{"line":103,"column":12}},"103":{"start":{"line":104,"column":0},"end":{"line":104,"column":3}},"105":{"start":{"line":106,"column":0},"end":{"line":106,"column":31}},"106":{"start":{"line":107,"column":0},"end":{"line":107,"column":31}},"107":{"start":{"line":108,"column":0},"end":{"line":108,"column":31}},"108":{"start":{"line":109,"column":0},"end":{"line":109,"column":36}},"109":{"start":{"line":110,"column":0},"end":{"line":110,"column":3}},"111":{"start":{"line":112,"column":0},"end":{"line":112,"column":24}},"112":{"start":{"line":113,"column":0},"end":{"line":113,"column":34}},"113":{"start":{"line":114,"column":0},"end":{"line":114,"column":3}},"115":{"start":{"line":116,"column":0},"end":{"line":116,"column":25}},"116":{"start":{"line":117,"column":0},"end":{"line":117,"column":45}},"117":{"start":{"line":118,"column":0},"end":{"line":118,"column":3}},"119":{"start":{"line":120,"column":0},"end":{"line":120,"column":25}},"120":{"start":{"line":121,"column":0},"end":{"line":121,"column":45}},"121":{"start":{"line":122,"column":0},"end":{"line":122,"column":3}},"123":{"start":{"line":124,"column":0},"end":{"line":124,"column":25}},"124":{"start":{"line":125,"column":0},"end":{"line":125,"column":27}},"125":{"start":{"line":126,"column":0},"end":{"line":126,"column":3}},"127":{"start":{"line":128,"column":0},"end":{"line":128,"column":26}},"128":{"start":{"line":129,"column":0},"end":{"line":129,"column":33}},"129":{"start":{"line":130,"column":0},"end":{"line":130,"column":35}},"130":{"start":{"line":131,"column":0},"end":{"line":131,"column":3}},"132":{"start":{"line":133,"column":0},"end":{"line":133,"column":26}},"133":{"start":{"line":134,"column":0},"end":{"line":134,"column":33}},"134":{"start":{"line":135,"column":0},"end":{"line":135,"column":35}},"135":{"start":{"line":136,"column":0},"end":{"line":136,"column":3}},"137":{"start":{"line":138,"column":0},"end":{"line":138,"column":26}},"138":{"start":{"line":139,"column":0},"end":{"line":139,"column":49}},"139":{"start":{"line":140,"column":0},"end":{"line":140,"column":42}},"140":{"start":{"line":141,"column":0},"end":{"line":141,"column":55}},"141":{"start":{"line":142,"column":0},"end":{"line":142,"column":36}},"142":{"start":{"line":143,"column":0},"end":{"line":143,"column":3}},"144":{"start":{"line":145,"column":0},"end":{"line":145,"column":26}},"145":{"start":{"line":146,"column":0},"end":{"line":146,"column":38}},"146":{"start":{"line":147,"column":0},"end":{"line":147,"column":42}},"147":{"start":{"line":148,"column":0},"end":{"line":148,"column":55}},"148":{"start":{"line":149,"column":0},"end":{"line":149,"column":47}},"149":{"start":{"line":150,"column":0},"end":{"line":150,"column":3}},"151":{"start":{"line":152,"column":0},"end":{"line":152,"column":37}},"153":{"start":{"line":154,"column":0},"end":{"line":154,"column":32}},"154":{"start":{"line":155,"column":0},"end":{"line":155,"column":43}},"155":{"start":{"line":156,"column":0},"end":{"line":156,"column":56}},"156":{"start":{"line":157,"column":0},"end":{"line":157,"column":46}},"157":{"start":{"line":158,"column":0},"end":{"line":158,"column":36}},"158":{"start":{"line":159,"column":0},"end":{"line":159,"column":3}},"160":{"start":{"line":161,"column":0},"end":{"line":161,"column":39}},"161":{"start":{"line":162,"column":0},"end":{"line":162,"column":32}},"162":{"start":{"line":163,"column":0},"end":{"line":163,"column":21}},"163":{"start":{"line":164,"column":0},"end":{"line":164,"column":46}},"164":{"start":{"line":165,"column":0},"end":{"line":165,"column":38}},"165":{"start":{"line":166,"column":0},"end":{"line":166,"column":3}},"170":{"start":{"line":171,"column":0},"end":{"line":171,"column":36}},"171":{"start":{"line":172,"column":0},"end":{"line":172,"column":20}},"172":{"start":{"line":173,"column":0},"end":{"line":173,"column":51}},"173":{"start":{"line":174,"column":0},"end":{"line":174,"column":29}},"174":{"start":{"line":175,"column":0},"end":{"line":175,"column":29}},"175":{"start":{"line":176,"column":0},"end":{"line":176,"column":45}},"177":{"start":{"line":178,"column":0},"end":{"line":178,"column":17}},"178":{"start":{"line":179,"column":0},"end":{"line":179,"column":25}},"179":{"start":{"line":180,"column":0},"end":{"line":180,"column":50}},"180":{"start":{"line":181,"column":0},"end":{"line":181,"column":5}},"181":{"start":{"line":182,"column":0},"end":{"line":182,"column":19}},"182":{"start":{"line":183,"column":0},"end":{"line":183,"column":22}},"183":{"start":{"line":184,"column":0},"end":{"line":184,"column":3}},"186":{"start":{"line":187,"column":0},"end":{"line":187,"column":36}},"187":{"start":{"line":188,"column":0},"end":{"line":188,"column":35}},"188":{"start":{"line":189,"column":0},"end":{"line":189,"column":3}},"190":{"start":{"line":191,"column":0},"end":{"line":191,"column":49}},"191":{"start":{"line":192,"column":0},"end":{"line":192,"column":34}},"192":{"start":{"line":193,"column":0},"end":{"line":193,"column":47}},"193":{"start":{"line":194,"column":0},"end":{"line":194,"column":17}},"194":{"start":{"line":195,"column":0},"end":{"line":195,"column":3}},"196":{"start":{"line":197,"column":0},"end":{"line":197,"column":36}},"197":{"start":{"line":198,"column":0},"end":{"line":198,"column":37}},"198":{"start":{"line":199,"column":0},"end":{"line":199,"column":41}},"199":{"start":{"line":200,"column":0},"end":{"line":200,"column":58}},"200":{"start":{"line":201,"column":0},"end":{"line":201,"column":58}},"201":{"start":{"line":202,"column":0},"end":{"line":202,"column":3}},"203":{"start":{"line":204,"column":0},"end":{"line":204,"column":25}},"204":{"start":{"line":205,"column":0},"end":{"line":205,"column":31}},"205":{"start":{"line":206,"column":0},"end":{"line":206,"column":33}},"206":{"start":{"line":207,"column":0},"end":{"line":207,"column":42}},"207":{"start":{"line":208,"column":0},"end":{"line":208,"column":22}},"208":{"start":{"line":209,"column":0},"end":{"line":209,"column":3}},"209":{"start":{"line":210,"column":0},"end":{"line":210,"column":25}},"210":{"start":{"line":211,"column":0},"end":{"line":211,"column":24}},"211":{"start":{"line":212,"column":0},"end":{"line":212,"column":33}},"212":{"start":{"line":213,"column":0},"end":{"line":213,"column":42}},"213":{"start":{"line":214,"column":0},"end":{"line":214,"column":22}},"214":{"start":{"line":215,"column":0},"end":{"line":215,"column":3}},"215":{"start":{"line":216,"column":0},"end":{"line":216,"column":25}},"216":{"start":{"line":217,"column":0},"end":{"line":217,"column":51}},"217":{"start":{"line":218,"column":0},"end":{"line":218,"column":34}},"218":{"start":{"line":219,"column":0},"end":{"line":219,"column":39}},"219":{"start":{"line":220,"column":0},"end":{"line":220,"column":45}},"220":{"start":{"line":221,"column":0},"end":{"line":221,"column":22}},"221":{"start":{"line":222,"column":0},"end":{"line":222,"column":3}},"222":{"start":{"line":223,"column":0},"end":{"line":223,"column":25}},"223":{"start":{"line":224,"column":0},"end":{"line":224,"column":51}},"224":{"start":{"line":225,"column":0},"end":{"line":225,"column":27}},"225":{"start":{"line":226,"column":0},"end":{"line":226,"column":46}},"226":{"start":{"line":227,"column":0},"end":{"line":227,"column":45}},"227":{"start":{"line":228,"column":0},"end":{"line":228,"column":22}},"228":{"start":{"line":229,"column":0},"end":{"line":229,"column":3}},"230":{"start":{"line":231,"column":0},"end":{"line":231,"column":37}},"231":{"start":{"line":232,"column":0},"end":{"line":232,"column":43}},"232":{"start":{"line":233,"column":0},"end":{"line":233,"column":26}},"233":{"start":{"line":234,"column":0},"end":{"line":234,"column":29}},"234":{"start":{"line":235,"column":0},"end":{"line":235,"column":30}},"235":{"start":{"line":236,"column":0},"end":{"line":236,"column":42}},"236":{"start":{"line":237,"column":0},"end":{"line":237,"column":17}},"237":{"start":{"line":238,"column":0},"end":{"line":238,"column":3}},"238":{"start":{"line":239,"column":0},"end":{"line":239,"column":37}},"239":{"start":{"line":240,"column":0},"end":{"line":240,"column":43}},"240":{"start":{"line":241,"column":0},"end":{"line":241,"column":19}},"241":{"start":{"line":242,"column":0},"end":{"line":242,"column":29}},"242":{"start":{"line":243,"column":0},"end":{"line":243,"column":30}},"243":{"start":{"line":244,"column":0},"end":{"line":244,"column":42}},"244":{"start":{"line":245,"column":0},"end":{"line":245,"column":17}},"245":{"start":{"line":246,"column":0},"end":{"line":246,"column":3}},"246":{"start":{"line":247,"column":0},"end":{"line":247,"column":37}},"247":{"start":{"line":248,"column":0},"end":{"line":248,"column":43}},"248":{"start":{"line":249,"column":0},"end":{"line":249,"column":51}},"249":{"start":{"line":250,"column":0},"end":{"line":250,"column":29}},"250":{"start":{"line":251,"column":0},"end":{"line":251,"column":35}},"251":{"start":{"line":252,"column":0},"end":{"line":252,"column":30}},"252":{"start":{"line":253,"column":0},"end":{"line":253,"column":45}},"253":{"start":{"line":254,"column":0},"end":{"line":254,"column":17}},"254":{"start":{"line":255,"column":0},"end":{"line":255,"column":3}},"255":{"start":{"line":256,"column":0},"end":{"line":256,"column":37}},"256":{"start":{"line":257,"column":0},"end":{"line":257,"column":43}},"257":{"start":{"line":258,"column":0},"end":{"line":258,"column":51}},"258":{"start":{"line":259,"column":0},"end":{"line":259,"column":22}},"259":{"start":{"line":260,"column":0},"end":{"line":260,"column":42}},"260":{"start":{"line":261,"column":0},"end":{"line":261,"column":30}},"261":{"start":{"line":262,"column":0},"end":{"line":262,"column":45}},"262":{"start":{"line":263,"column":0},"end":{"line":263,"column":17}},"263":{"start":{"line":264,"column":0},"end":{"line":264,"column":3}},"267":{"start":{"line":268,"column":0},"end":{"line":268,"column":16}},"268":{"start":{"line":269,"column":0},"end":{"line":269,"column":35}},"270":{"start":{"line":271,"column":0},"end":{"line":271,"column":21}},"272":{"start":{"line":273,"column":0},"end":{"line":273,"column":78}},"273":{"start":{"line":274,"column":0},"end":{"line":274,"column":87}},"274":{"start":{"line":275,"column":0},"end":{"line":275,"column":88}},"275":{"start":{"line":276,"column":0},"end":{"line":276,"column":88}},"276":{"start":{"line":277,"column":0},"end":{"line":277,"column":89}},"277":{"start":{"line":278,"column":0},"end":{"line":278,"column":89}},"278":{"start":{"line":279,"column":0},"end":{"line":279,"column":89}},"279":{"start":{"line":280,"column":0},"end":{"line":280,"column":89}},"281":{"start":{"line":282,"column":0},"end":{"line":282,"column":78}},"282":{"start":{"line":283,"column":0},"end":{"line":283,"column":87}},"283":{"start":{"line":284,"column":0},"end":{"line":284,"column":88}},"284":{"start":{"line":285,"column":0},"end":{"line":285,"column":88}},"285":{"start":{"line":286,"column":0},"end":{"line":286,"column":89}},"287":{"start":{"line":288,"column":0},"end":{"line":288,"column":78}},"288":{"start":{"line":289,"column":0},"end":{"line":289,"column":87}},"289":{"start":{"line":290,"column":0},"end":{"line":290,"column":88}},"290":{"start":{"line":291,"column":0},"end":{"line":291,"column":88}},"291":{"start":{"line":292,"column":0},"end":{"line":292,"column":89}},"294":{"start":{"line":295,"column":0},"end":{"line":295,"column":67}},"295":{"start":{"line":296,"column":0},"end":{"line":296,"column":61}},"296":{"start":{"line":297,"column":0},"end":{"line":297,"column":61}},"297":{"start":{"line":298,"column":0},"end":{"line":298,"column":62}},"298":{"start":{"line":299,"column":0},"end":{"line":299,"column":62}},"299":{"start":{"line":300,"column":0},"end":{"line":300,"column":62}},"300":{"start":{"line":301,"column":0},"end":{"line":301,"column":62}},"302":{"start":{"line":303,"column":0},"end":{"line":303,"column":67}},"303":{"start":{"line":304,"column":0},"end":{"line":304,"column":61}},"304":{"start":{"line":305,"column":0},"end":{"line":305,"column":61}},"306":{"start":{"line":307,"column":0},"end":{"line":307,"column":67}},"307":{"start":{"line":308,"column":0},"end":{"line":308,"column":61}},"308":{"start":{"line":309,"column":0},"end":{"line":309,"column":61}},"311":{"start":{"line":312,"column":0},"end":{"line":312,"column":73}},"312":{"start":{"line":313,"column":0},"end":{"line":313,"column":73}},"313":{"start":{"line":314,"column":0},"end":{"line":314,"column":73}},"314":{"start":{"line":315,"column":0},"end":{"line":315,"column":73}},"315":{"start":{"line":316,"column":0},"end":{"line":316,"column":74}},"316":{"start":{"line":317,"column":0},"end":{"line":317,"column":54}},"319":{"start":{"line":320,"column":0},"end":{"line":320,"column":48}},"320":{"start":{"line":321,"column":0},"end":{"line":321,"column":78}},"321":{"start":{"line":322,"column":0},"end":{"line":322,"column":85}},"322":{"start":{"line":323,"column":0},"end":{"line":323,"column":79}},"325":{"start":{"line":326,"column":0},"end":{"line":326,"column":79}},"326":{"start":{"line":327,"column":0},"end":{"line":327,"column":79}},"327":{"start":{"line":328,"column":0},"end":{"line":328,"column":79}},"328":{"start":{"line":329,"column":0},"end":{"line":329,"column":79}},"329":{"start":{"line":330,"column":0},"end":{"line":330,"column":136}},"330":{"start":{"line":331,"column":0},"end":{"line":331,"column":139}},"331":{"start":{"line":332,"column":0},"end":{"line":332,"column":138}},"332":{"start":{"line":333,"column":0},"end":{"line":333,"column":141}},"333":{"start":{"line":334,"column":0},"end":{"line":334,"column":136}},"334":{"start":{"line":335,"column":0},"end":{"line":335,"column":139}},"335":{"start":{"line":336,"column":0},"end":{"line":336,"column":138}},"336":{"start":{"line":337,"column":0},"end":{"line":337,"column":141}},"339":{"start":{"line":340,"column":0},"end":{"line":340,"column":79}},"340":{"start":{"line":341,"column":0},"end":{"line":341,"column":81}},"341":{"start":{"line":342,"column":0},"end":{"line":342,"column":82}},"342":{"start":{"line":343,"column":0},"end":{"line":343,"column":82}},"343":{"start":{"line":344,"column":0},"end":{"line":344,"column":83}},"344":{"start":{"line":345,"column":0},"end":{"line":345,"column":83}},"345":{"start":{"line":346,"column":0},"end":{"line":346,"column":83}},"346":{"start":{"line":347,"column":0},"end":{"line":347,"column":83}},"348":{"start":{"line":349,"column":0},"end":{"line":349,"column":79}},"349":{"start":{"line":350,"column":0},"end":{"line":350,"column":81}},"350":{"start":{"line":351,"column":0},"end":{"line":351,"column":82}},"351":{"start":{"line":352,"column":0},"end":{"line":352,"column":82}},"352":{"start":{"line":353,"column":0},"end":{"line":353,"column":83}},"353":{"start":{"line":354,"column":0},"end":{"line":354,"column":83}},"354":{"start":{"line":355,"column":0},"end":{"line":355,"column":83}},"355":{"start":{"line":356,"column":0},"end":{"line":356,"column":83}},"357":{"start":{"line":358,"column":0},"end":{"line":358,"column":79}},"358":{"start":{"line":359,"column":0},"end":{"line":359,"column":90}},"359":{"start":{"line":360,"column":0},"end":{"line":360,"column":91}},"360":{"start":{"line":361,"column":0},"end":{"line":361,"column":91}},"361":{"start":{"line":362,"column":0},"end":{"line":362,"column":92}},"362":{"start":{"line":363,"column":0},"end":{"line":363,"column":92}},"363":{"start":{"line":364,"column":0},"end":{"line":364,"column":92}},"364":{"start":{"line":365,"column":0},"end":{"line":365,"column":92}},"366":{"start":{"line":367,"column":0},"end":{"line":367,"column":57}},"367":{"start":{"line":368,"column":0},"end":{"line":368,"column":68}},"368":{"start":{"line":369,"column":0},"end":{"line":369,"column":69}},"369":{"start":{"line":370,"column":0},"end":{"line":370,"column":69}},"370":{"start":{"line":371,"column":0},"end":{"line":371,"column":70}},"371":{"start":{"line":372,"column":0},"end":{"line":372,"column":70}},"372":{"start":{"line":373,"column":0},"end":{"line":373,"column":70}},"373":{"start":{"line":374,"column":0},"end":{"line":374,"column":70}},"375":{"start":{"line":376,"column":0},"end":{"line":376,"column":57}},"376":{"start":{"line":377,"column":0},"end":{"line":377,"column":68}},"377":{"start":{"line":378,"column":0},"end":{"line":378,"column":69}},"378":{"start":{"line":379,"column":0},"end":{"line":379,"column":69}},"379":{"start":{"line":380,"column":0},"end":{"line":380,"column":70}},"380":{"start":{"line":381,"column":0},"end":{"line":381,"column":70}},"381":{"start":{"line":382,"column":0},"end":{"line":382,"column":70}},"382":{"start":{"line":383,"column":0},"end":{"line":383,"column":70}},"384":{"start":{"line":385,"column":0},"end":{"line":385,"column":75}},"385":{"start":{"line":386,"column":0},"end":{"line":386,"column":69}},"387":{"start":{"line":388,"column":0},"end":{"line":388,"column":65}},"388":{"start":{"line":389,"column":0},"end":{"line":389,"column":76}},"389":{"start":{"line":390,"column":0},"end":{"line":390,"column":77}},"390":{"start":{"line":391,"column":0},"end":{"line":391,"column":77}},"391":{"start":{"line":392,"column":0},"end":{"line":392,"column":78}},"392":{"start":{"line":393,"column":0},"end":{"line":393,"column":78}},"393":{"start":{"line":394,"column":0},"end":{"line":394,"column":78}},"394":{"start":{"line":395,"column":0},"end":{"line":395,"column":78}},"396":{"start":{"line":397,"column":0},"end":{"line":397,"column":65}},"397":{"start":{"line":398,"column":0},"end":{"line":398,"column":76}},"398":{"start":{"line":399,"column":0},"end":{"line":399,"column":77}},"400":{"start":{"line":401,"column":0},"end":{"line":401,"column":65}},"401":{"start":{"line":402,"column":0},"end":{"line":402,"column":76}},"402":{"start":{"line":403,"column":0},"end":{"line":403,"column":77}},"405":{"start":{"line":406,"column":0},"end":{"line":406,"column":36}},"406":{"start":{"line":407,"column":0},"end":{"line":407,"column":45}},"407":{"start":{"line":408,"column":0},"end":{"line":408,"column":46}},"408":{"start":{"line":409,"column":0},"end":{"line":409,"column":46}},"409":{"start":{"line":410,"column":0},"end":{"line":410,"column":47}},"411":{"start":{"line":412,"column":0},"end":{"line":412,"column":36}},"412":{"start":{"line":413,"column":0},"end":{"line":413,"column":45}},"413":{"start":{"line":414,"column":0},"end":{"line":414,"column":46}},"414":{"start":{"line":415,"column":0},"end":{"line":415,"column":46}},"415":{"start":{"line":416,"column":0},"end":{"line":416,"column":47}},"417":{"start":{"line":418,"column":0},"end":{"line":418,"column":36}},"418":{"start":{"line":419,"column":0},"end":{"line":419,"column":45}},"419":{"start":{"line":420,"column":0},"end":{"line":420,"column":46}},"420":{"start":{"line":421,"column":0},"end":{"line":421,"column":46}},"421":{"start":{"line":422,"column":0},"end":{"line":422,"column":47}},"423":{"start":{"line":424,"column":0},"end":{"line":424,"column":36}},"424":{"start":{"line":425,"column":0},"end":{"line":425,"column":45}},"425":{"start":{"line":426,"column":0},"end":{"line":426,"column":46}},"426":{"start":{"line":427,"column":0},"end":{"line":427,"column":46}},"427":{"start":{"line":428,"column":0},"end":{"line":428,"column":47}},"430":{"start":{"line":431,"column":0},"end":{"line":431,"column":55}},"431":{"start":{"line":432,"column":0},"end":{"line":432,"column":69}},"432":{"start":{"line":433,"column":0},"end":{"line":433,"column":25}},"433":{"start":{"line":434,"column":0},"end":{"line":434,"column":31}},"434":{"start":{"line":435,"column":0},"end":{"line":435,"column":49}},"435":{"start":{"line":436,"column":0},"end":{"line":436,"column":43}},"436":{"start":{"line":437,"column":0},"end":{"line":437,"column":36}},"437":{"start":{"line":438,"column":0},"end":{"line":438,"column":22}},"438":{"start":{"line":439,"column":0},"end":{"line":439,"column":13}},"439":{"start":{"line":440,"column":0},"end":{"line":440,"column":7}},"440":{"start":{"line":441,"column":0},"end":{"line":441,"column":25}},"441":{"start":{"line":442,"column":0},"end":{"line":442,"column":30}},"442":{"start":{"line":443,"column":0},"end":{"line":443,"column":30}},"443":{"start":{"line":444,"column":0},"end":{"line":444,"column":49}},"444":{"start":{"line":445,"column":0},"end":{"line":445,"column":13}},"445":{"start":{"line":446,"column":0},"end":{"line":446,"column":7}},"446":{"start":{"line":447,"column":0},"end":{"line":447,"column":25}},"447":{"start":{"line":448,"column":0},"end":{"line":448,"column":56}},"448":{"start":{"line":449,"column":0},"end":{"line":449,"column":30}},"449":{"start":{"line":450,"column":0},"end":{"line":450,"column":30}},"450":{"start":{"line":451,"column":0},"end":{"line":451,"column":43}},"451":{"start":{"line":452,"column":0},"end":{"line":452,"column":13}},"452":{"start":{"line":453,"column":0},"end":{"line":453,"column":7}},"455":{"start":{"line":456,"column":0},"end":{"line":456,"column":74}},"456":{"start":{"line":457,"column":0},"end":{"line":457,"column":74}},"457":{"start":{"line":458,"column":0},"end":{"line":458,"column":74}},"458":{"start":{"line":459,"column":0},"end":{"line":459,"column":76}},"459":{"start":{"line":460,"column":0},"end":{"line":460,"column":74}},"460":{"start":{"line":461,"column":0},"end":{"line":461,"column":77}},"461":{"start":{"line":462,"column":0},"end":{"line":462,"column":77}},"462":{"start":{"line":463,"column":0},"end":{"line":463,"column":77}},"465":{"start":{"line":466,"column":0},"end":{"line":466,"column":67}},"466":{"start":{"line":467,"column":0},"end":{"line":467,"column":67}},"467":{"start":{"line":468,"column":0},"end":{"line":468,"column":78}},"468":{"start":{"line":469,"column":0},"end":{"line":469,"column":78}},"469":{"start":{"line":470,"column":0},"end":{"line":470,"column":70}},"470":{"start":{"line":471,"column":0},"end":{"line":471,"column":97}},"471":{"start":{"line":472,"column":0},"end":{"line":472,"column":99}},"474":{"start":{"line":475,"column":0},"end":{"line":475,"column":25}},"476":{"start":{"line":477,"column":0},"end":{"line":477,"column":30}},"477":{"start":{"line":478,"column":0},"end":{"line":478,"column":13}},"478":{"start":{"line":479,"column":0},"end":{"line":479,"column":7}},"479":{"start":{"line":480,"column":0},"end":{"line":480,"column":44}},"483":{"start":{"line":484,"column":0},"end":{"line":484,"column":71}},"484":{"start":{"line":485,"column":0},"end":{"line":485,"column":13}},"486":{"start":{"line":487,"column":0},"end":{"line":487,"column":62}},"488":{"start":{"line":489,"column":0},"end":{"line":489,"column":84}},"490":{"start":{"line":491,"column":0},"end":{"line":491,"column":95}},"492":{"start":{"line":493,"column":0},"end":{"line":493,"column":40}},"494":{"start":{"line":495,"column":0},"end":{"line":495,"column":95}},"497":{"start":{"line":498,"column":0},"end":{"line":498,"column":49}},"498":{"start":{"line":499,"column":0},"end":{"line":499,"column":49}},"499":{"start":{"line":500,"column":0},"end":{"line":500,"column":49}},"500":{"start":{"line":501,"column":0},"end":{"line":501,"column":78}},"503":{"start":{"line":504,"column":0},"end":{"line":504,"column":14}},"504":{"start":{"line":505,"column":0},"end":{"line":505,"column":72}},"505":{"start":{"line":506,"column":0},"end":{"line":506,"column":5}},"506":{"start":{"line":507,"column":0},"end":{"line":507,"column":3}},"510":{"start":{"line":511,"column":0},"end":{"line":511,"column":30}},"511":{"start":{"line":512,"column":0},"end":{"line":512,"column":49}},"512":{"start":{"line":513,"column":0},"end":{"line":513,"column":3}},"513":{"start":{"line":514,"column":0},"end":{"line":514,"column":1}}},"s":{"1":1,"2":1,"15":1,"16":14,"17":14,"18":14,"19":14,"20":14,"21":14,"23":14,"27":14,"28":14,"29":14,"30":14,"31":14,"33":14,"34":14,"37":14,"39":0,"40":0,"41":0,"42":0,"44":0,"46":0,"47":0,"48":0,"49":0,"52":14,"53":0,"54":0,"55":0,"57":14,"59":0,"60":0,"61":0,"62":0,"63":0,"64":0,"65":0,"66":0,"67":0,"68":0,"69":0,"73":14,"74":13,"75":13,"77":14,"78":32,"79":22,"80":32,"82":14,"83":14,"84":14,"85":14,"87":14,"88":8,"89":8,"90":8,"92":14,"93":16,"94":16,"95":16,"99":14,"100":55,"101":55,"102":55,"103":55,"105":14,"106":4,"107":4,"108":4,"109":4,"111":14,"112":2,"113":2,"115":14,"116":0,"117":0,"119":14,"120":0,"121":0,"123":14,"124":4,"125":4,"127":14,"128":0,"129":0,"130":0,"132":14,"133":0,"134":0,"135":0,"137":14,"138":0,"139":0,"140":0,"141":0,"142":0,"144":14,"145":0,"146":0,"147":0,"148":0,"149":0,"151":14,"153":0,"154":0,"155":0,"156":0,"157":0,"158":0,"160":14,"161":0,"162":0,"163":0,"164":0,"165":0,"170":14,"171":0,"172":0,"173":0,"174":0,"175":0,"177":0,"178":0,"179":0,"180":0,"181":0,"182":0,"183":0,"186":14,"187":0,"188":0,"190":14,"191":0,"192":0,"193":0,"194":0,"196":14,"197":0,"198":0,"199":0,"200":0,"201":0,"203":14,"204":0,"205":0,"206":0,"207":0,"208":0,"209":14,"210":0,"211":0,"212":0,"213":0,"214":0,"215":14,"216":0,"217":0,"218":0,"219":0,"220":0,"221":0,"222":14,"223":0,"224":0,"225":0,"226":0,"227":0,"228":0,"230":14,"231":0,"232":0,"233":0,"234":0,"235":0,"236":0,"237":0,"238":14,"239":0,"240":0,"241":0,"242":0,"243":0,"244":0,"245":0,"246":14,"247":0,"248":0,"249":0,"250":0,"251":0,"252":0,"253":0,"254":0,"255":14,"256":0,"257":0,"258":0,"259":0,"260":0,"261":0,"262":0,"263":0,"267":14,"268":31,"270":31,"272":31,"273":31,"274":31,"275":31,"276":31,"277":31,"278":31,"279":31,"281":31,"282":31,"283":31,"284":31,"285":31,"287":31,"288":31,"289":31,"290":31,"291":31,"294":31,"295":31,"296":31,"297":31,"298":31,"299":31,"300":31,"302":31,"303":31,"304":31,"306":31,"307":31,"308":31,"311":31,"312":31,"313":31,"314":31,"315":31,"316":31,"319":31,"320":31,"321":31,"322":31,"325":31,"326":31,"327":31,"328":31,"329":31,"330":31,"331":31,"332":31,"333":31,"334":31,"335":31,"336":31,"339":31,"340":31,"341":31,"342":31,"343":31,"344":31,"345":31,"346":31,"348":31,"349":31,"350":31,"351":31,"352":31,"353":31,"354":31,"355":31,"357":31,"358":31,"359":31,"360":31,"361":31,"362":31,"363":31,"364":31,"366":31,"367":31,"368":31,"369":31,"370":31,"371":31,"372":31,"373":31,"375":31,"376":31,"377":31,"378":31,"379":31,"380":31,"381":31,"382":31,"384":31,"385":31,"387":31,"388":31,"389":31,"390":31,"391":31,"392":31,"393":31,"394":31,"396":31,"397":31,"398":31,"400":31,"401":31,"402":31,"405":31,"406":31,"407":31,"408":31,"409":31,"411":31,"412":31,"413":31,"414":31,"415":31,"417":31,"418":31,"419":31,"420":31,"421":31,"423":31,"424":31,"425":31,"426":31,"427":31,"430":31,"431":31,"432":31,"433":4,"434":4,"435":4,"436":4,"437":4,"438":4,"439":4,"440":31,"441":3,"442":3,"443":3,"444":3,"445":3,"446":31,"447":0,"448":0,"449":0,"450":0,"451":0,"452":0,"455":31,"456":31,"457":31,"458":31,"459":31,"460":31,"461":31,"462":31,"465":31,"466":31,"467":31,"468":31,"469":31,"470":31,"471":31,"474":31,"476":0,"477":0,"478":0,"479":31,"483":31,"484":0,"486":31,"488":31,"490":31,"492":31,"494":31,"497":31,"498":31,"499":31,"500":0,"503":31,"504":0,"505":31,"506":31,"510":14,"511":8,"512":8,"513":14},"branchMap":{"0":{"type":"branch","line":16,"loc":{"start":{"line":16,"column":21},"end":{"line":514,"column":1}},"locations":[{"start":{"line":16,"column":21},"end":{"line":514,"column":1}}]},"1":{"type":"branch","line":24,"loc":{"start":{"line":24,"column":2},"end":{"line":24,"column":39}},"locations":[{"start":{"line":24,"column":2},"end":{"line":24,"column":39}}]},"2":{"type":"branch","line":28,"loc":{"start":{"line":28,"column":2},"end":{"line":35,"column":3}},"locations":[{"start":{"line":28,"column":2},"end":{"line":35,"column":3}}]},"3":{"type":"branch","line":74,"loc":{"start":{"line":74,"column":2},"end":{"line":76,"column":3}},"locations":[{"start":{"line":74,"column":2},"end":{"line":76,"column":3}}]},"4":{"type":"branch","line":78,"loc":{"start":{"line":78,"column":2},"end":{"line":81,"column":3}},"locations":[{"start":{"line":78,"column":2},"end":{"line":81,"column":3}}]},"5":{"type":"branch","line":79,"loc":{"start":{"line":79,"column":15},"end":{"line":79,"column":29}},"locations":[{"start":{"line":79,"column":15},"end":{"line":79,"column":29}}]},"6":{"type":"branch","line":79,"loc":{"start":{"line":79,"column":25},"end":{"line":80,"column":24}},"locations":[{"start":{"line":79,"column":25},"end":{"line":80,"column":24}}]},"7":{"type":"branch","line":83,"loc":{"start":{"line":83,"column":10},"end":{"line":86,"column":3}},"locations":[{"start":{"line":83,"column":10},"end":{"line":86,"column":3}}]},"8":{"type":"branch","line":88,"loc":{"start":{"line":88,"column":10},"end":{"line":91,"column":3}},"locations":[{"start":{"line":88,"column":10},"end":{"line":91,"column":3}}]},"9":{"type":"branch","line":93,"loc":{"start":{"line":93,"column":10},"end":{"line":96,"column":3}},"locations":[{"start":{"line":93,"column":10},"end":{"line":96,"column":3}}]},"10":{"type":"branch","line":100,"loc":{"start":{"line":100,"column":10},"end":{"line":104,"column":3}},"locations":[{"start":{"line":100,"column":10},"end":{"line":104,"column":3}}]},"11":{"type":"branch","line":106,"loc":{"start":{"line":106,"column":10},"end":{"line":110,"column":3}},"locations":[{"start":{"line":106,"column":10},"end":{"line":110,"column":3}}]},"12":{"type":"branch","line":112,"loc":{"start":{"line":112,"column":10},"end":{"line":114,"column":3}},"locations":[{"start":{"line":112,"column":10},"end":{"line":114,"column":3}}]},"13":{"type":"branch","line":124,"loc":{"start":{"line":124,"column":10},"end":{"line":126,"column":3}},"locations":[{"start":{"line":124,"column":10},"end":{"line":126,"column":3}}]},"14":{"type":"branch","line":268,"loc":{"start":{"line":268,"column":2},"end":{"line":507,"column":3}},"locations":[{"start":{"line":268,"column":2},"end":{"line":507,"column":3}}]},"15":{"type":"branch","line":273,"loc":{"start":{"line":273,"column":6},"end":{"line":273,"column":78}},"locations":[{"start":{"line":273,"column":6},"end":{"line":273,"column":78}}]},"16":{"type":"branch","line":274,"loc":{"start":{"line":274,"column":6},"end":{"line":274,"column":87}},"locations":[{"start":{"line":274,"column":6},"end":{"line":274,"column":87}}]},"17":{"type":"branch","line":275,"loc":{"start":{"line":275,"column":6},"end":{"line":275,"column":88}},"locations":[{"start":{"line":275,"column":6},"end":{"line":275,"column":88}}]},"18":{"type":"branch","line":276,"loc":{"start":{"line":276,"column":6},"end":{"line":276,"column":88}},"locations":[{"start":{"line":276,"column":6},"end":{"line":276,"column":88}}]},"19":{"type":"branch","line":277,"loc":{"start":{"line":277,"column":6},"end":{"line":277,"column":89}},"locations":[{"start":{"line":277,"column":6},"end":{"line":277,"column":89}}]},"20":{"type":"branch","line":278,"loc":{"start":{"line":278,"column":6},"end":{"line":278,"column":89}},"locations":[{"start":{"line":278,"column":6},"end":{"line":278,"column":89}}]},"21":{"type":"branch","line":279,"loc":{"start":{"line":279,"column":6},"end":{"line":279,"column":89}},"locations":[{"start":{"line":279,"column":6},"end":{"line":279,"column":89}}]},"22":{"type":"branch","line":280,"loc":{"start":{"line":280,"column":6},"end":{"line":280,"column":89}},"locations":[{"start":{"line":280,"column":6},"end":{"line":280,"column":89}}]},"23":{"type":"branch","line":282,"loc":{"start":{"line":282,"column":6},"end":{"line":282,"column":78}},"locations":[{"start":{"line":282,"column":6},"end":{"line":282,"column":78}}]},"24":{"type":"branch","line":283,"loc":{"start":{"line":283,"column":6},"end":{"line":283,"column":87}},"locations":[{"start":{"line":283,"column":6},"end":{"line":283,"column":87}}]},"25":{"type":"branch","line":284,"loc":{"start":{"line":284,"column":6},"end":{"line":284,"column":88}},"locations":[{"start":{"line":284,"column":6},"end":{"line":284,"column":88}}]},"26":{"type":"branch","line":285,"loc":{"start":{"line":285,"column":6},"end":{"line":285,"column":88}},"locations":[{"start":{"line":285,"column":6},"end":{"line":285,"column":88}}]},"27":{"type":"branch","line":286,"loc":{"start":{"line":286,"column":6},"end":{"line":286,"column":89}},"locations":[{"start":{"line":286,"column":6},"end":{"line":286,"column":89}}]},"28":{"type":"branch","line":288,"loc":{"start":{"line":288,"column":6},"end":{"line":288,"column":78}},"locations":[{"start":{"line":288,"column":6},"end":{"line":288,"column":78}}]},"29":{"type":"branch","line":289,"loc":{"start":{"line":289,"column":6},"end":{"line":289,"column":87}},"locations":[{"start":{"line":289,"column":6},"end":{"line":289,"column":87}}]},"30":{"type":"branch","line":290,"loc":{"start":{"line":290,"column":6},"end":{"line":290,"column":88}},"locations":[{"start":{"line":290,"column":6},"end":{"line":290,"column":88}}]},"31":{"type":"branch","line":291,"loc":{"start":{"line":291,"column":6},"end":{"line":291,"column":88}},"locations":[{"start":{"line":291,"column":6},"end":{"line":291,"column":88}}]},"32":{"type":"branch","line":292,"loc":{"start":{"line":292,"column":6},"end":{"line":292,"column":89}},"locations":[{"start":{"line":292,"column":6},"end":{"line":292,"column":89}}]},"33":{"type":"branch","line":295,"loc":{"start":{"line":295,"column":6},"end":{"line":295,"column":67}},"locations":[{"start":{"line":295,"column":6},"end":{"line":295,"column":67}}]},"34":{"type":"branch","line":296,"loc":{"start":{"line":296,"column":6},"end":{"line":296,"column":61}},"locations":[{"start":{"line":296,"column":6},"end":{"line":296,"column":61}}]},"35":{"type":"branch","line":297,"loc":{"start":{"line":297,"column":6},"end":{"line":297,"column":61}},"locations":[{"start":{"line":297,"column":6},"end":{"line":297,"column":61}}]},"36":{"type":"branch","line":298,"loc":{"start":{"line":298,"column":6},"end":{"line":298,"column":62}},"locations":[{"start":{"line":298,"column":6},"end":{"line":298,"column":62}}]},"37":{"type":"branch","line":299,"loc":{"start":{"line":299,"column":6},"end":{"line":299,"column":62}},"locations":[{"start":{"line":299,"column":6},"end":{"line":299,"column":62}}]},"38":{"type":"branch","line":300,"loc":{"start":{"line":300,"column":6},"end":{"line":300,"column":62}},"locations":[{"start":{"line":300,"column":6},"end":{"line":300,"column":62}}]},"39":{"type":"branch","line":301,"loc":{"start":{"line":301,"column":6},"end":{"line":301,"column":62}},"locations":[{"start":{"line":301,"column":6},"end":{"line":301,"column":62}}]},"40":{"type":"branch","line":303,"loc":{"start":{"line":303,"column":6},"end":{"line":303,"column":67}},"locations":[{"start":{"line":303,"column":6},"end":{"line":303,"column":67}}]},"41":{"type":"branch","line":304,"loc":{"start":{"line":304,"column":6},"end":{"line":304,"column":61}},"locations":[{"start":{"line":304,"column":6},"end":{"line":304,"column":61}}]},"42":{"type":"branch","line":305,"loc":{"start":{"line":305,"column":6},"end":{"line":305,"column":61}},"locations":[{"start":{"line":305,"column":6},"end":{"line":305,"column":61}}]},"43":{"type":"branch","line":307,"loc":{"start":{"line":307,"column":6},"end":{"line":307,"column":67}},"locations":[{"start":{"line":307,"column":6},"end":{"line":307,"column":67}}]},"44":{"type":"branch","line":308,"loc":{"start":{"line":308,"column":6},"end":{"line":308,"column":61}},"locations":[{"start":{"line":308,"column":6},"end":{"line":308,"column":61}}]},"45":{"type":"branch","line":309,"loc":{"start":{"line":309,"column":6},"end":{"line":309,"column":61}},"locations":[{"start":{"line":309,"column":6},"end":{"line":309,"column":61}}]},"46":{"type":"branch","line":312,"loc":{"start":{"line":312,"column":6},"end":{"line":312,"column":73}},"locations":[{"start":{"line":312,"column":6},"end":{"line":312,"column":73}}]},"47":{"type":"branch","line":313,"loc":{"start":{"line":313,"column":6},"end":{"line":313,"column":73}},"locations":[{"start":{"line":313,"column":6},"end":{"line":313,"column":73}}]},"48":{"type":"branch","line":314,"loc":{"start":{"line":314,"column":6},"end":{"line":314,"column":73}},"locations":[{"start":{"line":314,"column":6},"end":{"line":314,"column":73}}]},"49":{"type":"branch","line":315,"loc":{"start":{"line":315,"column":6},"end":{"line":315,"column":73}},"locations":[{"start":{"line":315,"column":6},"end":{"line":315,"column":73}}]},"50":{"type":"branch","line":316,"loc":{"start":{"line":316,"column":6},"end":{"line":316,"column":74}},"locations":[{"start":{"line":316,"column":6},"end":{"line":316,"column":74}}]},"51":{"type":"branch","line":317,"loc":{"start":{"line":317,"column":6},"end":{"line":317,"column":54}},"locations":[{"start":{"line":317,"column":6},"end":{"line":317,"column":54}}]},"52":{"type":"branch","line":320,"loc":{"start":{"line":320,"column":6},"end":{"line":320,"column":48}},"locations":[{"start":{"line":320,"column":6},"end":{"line":320,"column":48}}]},"53":{"type":"branch","line":321,"loc":{"start":{"line":321,"column":6},"end":{"line":321,"column":78}},"locations":[{"start":{"line":321,"column":6},"end":{"line":321,"column":78}}]},"54":{"type":"branch","line":322,"loc":{"start":{"line":322,"column":6},"end":{"line":322,"column":85}},"locations":[{"start":{"line":322,"column":6},"end":{"line":322,"column":85}}]},"55":{"type":"branch","line":323,"loc":{"start":{"line":323,"column":6},"end":{"line":323,"column":79}},"locations":[{"start":{"line":323,"column":6},"end":{"line":323,"column":79}}]},"56":{"type":"branch","line":326,"loc":{"start":{"line":326,"column":6},"end":{"line":326,"column":79}},"locations":[{"start":{"line":326,"column":6},"end":{"line":326,"column":79}}]},"57":{"type":"branch","line":327,"loc":{"start":{"line":327,"column":6},"end":{"line":327,"column":79}},"locations":[{"start":{"line":327,"column":6},"end":{"line":327,"column":79}}]},"58":{"type":"branch","line":328,"loc":{"start":{"line":328,"column":6},"end":{"line":328,"column":79}},"locations":[{"start":{"line":328,"column":6},"end":{"line":328,"column":79}}]},"59":{"type":"branch","line":329,"loc":{"start":{"line":329,"column":6},"end":{"line":329,"column":79}},"locations":[{"start":{"line":329,"column":6},"end":{"line":329,"column":79}}]},"60":{"type":"branch","line":330,"loc":{"start":{"line":330,"column":6},"end":{"line":330,"column":136}},"locations":[{"start":{"line":330,"column":6},"end":{"line":330,"column":136}}]},"61":{"type":"branch","line":331,"loc":{"start":{"line":331,"column":6},"end":{"line":331,"column":139}},"locations":[{"start":{"line":331,"column":6},"end":{"line":331,"column":139}}]},"62":{"type":"branch","line":332,"loc":{"start":{"line":332,"column":6},"end":{"line":332,"column":138}},"locations":[{"start":{"line":332,"column":6},"end":{"line":332,"column":138}}]},"63":{"type":"branch","line":333,"loc":{"start":{"line":333,"column":6},"end":{"line":333,"column":141}},"locations":[{"start":{"line":333,"column":6},"end":{"line":333,"column":141}}]},"64":{"type":"branch","line":334,"loc":{"start":{"line":334,"column":6},"end":{"line":334,"column":136}},"locations":[{"start":{"line":334,"column":6},"end":{"line":334,"column":136}}]},"65":{"type":"branch","line":335,"loc":{"start":{"line":335,"column":6},"end":{"line":335,"column":139}},"locations":[{"start":{"line":335,"column":6},"end":{"line":335,"column":139}}]},"66":{"type":"branch","line":336,"loc":{"start":{"line":336,"column":6},"end":{"line":336,"column":138}},"locations":[{"start":{"line":336,"column":6},"end":{"line":336,"column":138}}]},"67":{"type":"branch","line":337,"loc":{"start":{"line":337,"column":6},"end":{"line":337,"column":141}},"locations":[{"start":{"line":337,"column":6},"end":{"line":337,"column":141}}]},"68":{"type":"branch","line":340,"loc":{"start":{"line":340,"column":6},"end":{"line":340,"column":79}},"locations":[{"start":{"line":340,"column":6},"end":{"line":340,"column":79}}]},"69":{"type":"branch","line":341,"loc":{"start":{"line":341,"column":6},"end":{"line":341,"column":81}},"locations":[{"start":{"line":341,"column":6},"end":{"line":341,"column":81}}]},"70":{"type":"branch","line":342,"loc":{"start":{"line":342,"column":6},"end":{"line":342,"column":82}},"locations":[{"start":{"line":342,"column":6},"end":{"line":342,"column":82}}]},"71":{"type":"branch","line":343,"loc":{"start":{"line":343,"column":6},"end":{"line":343,"column":82}},"locations":[{"start":{"line":343,"column":6},"end":{"line":343,"column":82}}]},"72":{"type":"branch","line":344,"loc":{"start":{"line":344,"column":6},"end":{"line":344,"column":83}},"locations":[{"start":{"line":344,"column":6},"end":{"line":344,"column":83}}]},"73":{"type":"branch","line":345,"loc":{"start":{"line":345,"column":6},"end":{"line":345,"column":83}},"locations":[{"start":{"line":345,"column":6},"end":{"line":345,"column":83}}]},"74":{"type":"branch","line":346,"loc":{"start":{"line":346,"column":6},"end":{"line":346,"column":83}},"locations":[{"start":{"line":346,"column":6},"end":{"line":346,"column":83}}]},"75":{"type":"branch","line":347,"loc":{"start":{"line":347,"column":6},"end":{"line":347,"column":83}},"locations":[{"start":{"line":347,"column":6},"end":{"line":347,"column":83}}]},"76":{"type":"branch","line":349,"loc":{"start":{"line":349,"column":6},"end":{"line":349,"column":79}},"locations":[{"start":{"line":349,"column":6},"end":{"line":349,"column":79}}]},"77":{"type":"branch","line":350,"loc":{"start":{"line":350,"column":6},"end":{"line":350,"column":81}},"locations":[{"start":{"line":350,"column":6},"end":{"line":350,"column":81}}]},"78":{"type":"branch","line":351,"loc":{"start":{"line":351,"column":6},"end":{"line":351,"column":82}},"locations":[{"start":{"line":351,"column":6},"end":{"line":351,"column":82}}]},"79":{"type":"branch","line":352,"loc":{"start":{"line":352,"column":6},"end":{"line":352,"column":82}},"locations":[{"start":{"line":352,"column":6},"end":{"line":352,"column":82}}]},"80":{"type":"branch","line":353,"loc":{"start":{"line":353,"column":6},"end":{"line":353,"column":83}},"locations":[{"start":{"line":353,"column":6},"end":{"line":353,"column":83}}]},"81":{"type":"branch","line":354,"loc":{"start":{"line":354,"column":6},"end":{"line":354,"column":83}},"locations":[{"start":{"line":354,"column":6},"end":{"line":354,"column":83}}]},"82":{"type":"branch","line":355,"loc":{"start":{"line":355,"column":6},"end":{"line":355,"column":83}},"locations":[{"start":{"line":355,"column":6},"end":{"line":355,"column":83}}]},"83":{"type":"branch","line":356,"loc":{"start":{"line":356,"column":6},"end":{"line":356,"column":83}},"locations":[{"start":{"line":356,"column":6},"end":{"line":356,"column":83}}]},"84":{"type":"branch","line":358,"loc":{"start":{"line":358,"column":6},"end":{"line":358,"column":79}},"locations":[{"start":{"line":358,"column":6},"end":{"line":358,"column":79}}]},"85":{"type":"branch","line":359,"loc":{"start":{"line":359,"column":6},"end":{"line":359,"column":90}},"locations":[{"start":{"line":359,"column":6},"end":{"line":359,"column":90}}]},"86":{"type":"branch","line":360,"loc":{"start":{"line":360,"column":6},"end":{"line":360,"column":91}},"locations":[{"start":{"line":360,"column":6},"end":{"line":360,"column":91}}]},"87":{"type":"branch","line":361,"loc":{"start":{"line":361,"column":6},"end":{"line":361,"column":91}},"locations":[{"start":{"line":361,"column":6},"end":{"line":361,"column":91}}]},"88":{"type":"branch","line":362,"loc":{"start":{"line":362,"column":6},"end":{"line":362,"column":92}},"locations":[{"start":{"line":362,"column":6},"end":{"line":362,"column":92}}]},"89":{"type":"branch","line":363,"loc":{"start":{"line":363,"column":6},"end":{"line":363,"column":92}},"locations":[{"start":{"line":363,"column":6},"end":{"line":363,"column":92}}]},"90":{"type":"branch","line":364,"loc":{"start":{"line":364,"column":6},"end":{"line":364,"column":92}},"locations":[{"start":{"line":364,"column":6},"end":{"line":364,"column":92}}]},"91":{"type":"branch","line":365,"loc":{"start":{"line":365,"column":6},"end":{"line":365,"column":92}},"locations":[{"start":{"line":365,"column":6},"end":{"line":365,"column":92}}]},"92":{"type":"branch","line":367,"loc":{"start":{"line":367,"column":6},"end":{"line":367,"column":57}},"locations":[{"start":{"line":367,"column":6},"end":{"line":367,"column":57}}]},"93":{"type":"branch","line":368,"loc":{"start":{"line":368,"column":6},"end":{"line":368,"column":68}},"locations":[{"start":{"line":368,"column":6},"end":{"line":368,"column":68}}]},"94":{"type":"branch","line":369,"loc":{"start":{"line":369,"column":6},"end":{"line":369,"column":69}},"locations":[{"start":{"line":369,"column":6},"end":{"line":369,"column":69}}]},"95":{"type":"branch","line":370,"loc":{"start":{"line":370,"column":6},"end":{"line":370,"column":69}},"locations":[{"start":{"line":370,"column":6},"end":{"line":370,"column":69}}]},"96":{"type":"branch","line":371,"loc":{"start":{"line":371,"column":6},"end":{"line":371,"column":70}},"locations":[{"start":{"line":371,"column":6},"end":{"line":371,"column":70}}]},"97":{"type":"branch","line":372,"loc":{"start":{"line":372,"column":6},"end":{"line":372,"column":70}},"locations":[{"start":{"line":372,"column":6},"end":{"line":372,"column":70}}]},"98":{"type":"branch","line":373,"loc":{"start":{"line":373,"column":6},"end":{"line":373,"column":70}},"locations":[{"start":{"line":373,"column":6},"end":{"line":373,"column":70}}]},"99":{"type":"branch","line":374,"loc":{"start":{"line":374,"column":6},"end":{"line":374,"column":70}},"locations":[{"start":{"line":374,"column":6},"end":{"line":374,
[...]
:39,"column":48}},"39":{"start":{"line":40,"column":0},"end":{"line":40,"column":48}},"40":{"start":{"line":41,"column":0},"end":{"line":41,"column":48}},"41":{"start":{"line":42,"column":0},"end":{"line":42,"column":48}},"44":{"start":{"line":45,"column":0},"end":{"line":45,"column":48}},"45":{"start":{"line":46,"column":0},"end":{"line":46,"column":48}},"46":{"start":{"line":47,"column":0},"end":{"line":47,"column":48}},"47":{"start":{"line":48,"column":0},"end":{"line":48,"column":48}},"48":{"start":{"line":49,"column":0},"end":{"line":49,"column":48}},"49":{"start":{"line":50,"column":0},"end":{"line":50,"column":48}},"50":{"start":{"line":51,"column":0},"end":{"line":51,"column":48}},"51":{"start":{"line":52,"column":0},"end":{"line":52,"column":48}},"52":{"start":{"line":53,"column":0},"end":{"line":53,"column":48}},"53":{"start":{"line":54,"column":0},"end":{"line":54,"column":48}},"54":{"start":{"line":55,"column":0},"end":{"line":55,"column":48}},"55":{"start":{"line":56,"column":0},"end":{"line":56,"column":48}},"56":{"start":{"line":57,"column":0},"end":{"line":57,"column":48}},"57":{"start":{"line":58,"column":0},"end":{"line":58,"column":48}},"58":{"start":{"line":59,"column":0},"end":{"line":59,"column":48}},"59":{"start":{"line":60,"column":0},"end":{"line":60,"column":48}},"62":{"start":{"line":63,"column":0},"end":{"line":63,"column":48}},"63":{"start":{"line":64,"column":0},"end":{"line":64,"column":48}},"64":{"start":{"line":65,"column":0},"end":{"line":65,"column":48}},"65":{"start":{"line":66,"column":0},"end":{"line":66,"column":48}},"66":{"start":{"line":67,"column":0},"end":{"line":67,"column":48}},"67":{"start":{"line":68,"column":0},"end":{"line":68,"column":48}},"68":{"start":{"line":69,"column":0},"end":{"line":69,"column":48}},"69":{"start":{"line":70,"column":0},"end":{"line":70,"column":48}},"70":{"start":{"line":71,"column":0},"end":{"line":71,"column":48}},"71":{"start":{"line":72,"column":0},"end":{"line":72,"column":48}},"72":{"start":{"line":73,"column":0},"end":{"line":73,"column":48}},"73":{"start":{"line":74,"column":0},"end":{"line":74,"column":48}},"74":{"start":{"line":75,"column":0},"end":{"line":75,"column":48}},"75":{"start":{"line":76,"column":0},"end":{"line":76,"column":48}},"76":{"start":{"line":77,"column":0},"end":{"line":77,"column":48}},"77":{"start":{"line":78,"column":0},"end":{"line":78,"column":48}},"80":{"start":{"line":81,"column":0},"end":{"line":81,"column":48}},"81":{"start":{"line":82,"column":0},"end":{"line":82,"column":48}},"82":{"start":{"line":83,"column":0},"end":{"line":83,"column":48}},"83":{"start":{"line":84,"column":0},"end":{"line":84,"column":48}},"84":{"start":{"line":85,"column":0},"end":{"line":85,"column":48}},"85":{"start":{"line":86,"column":0},"end":{"line":86,"column":48}},"86":{"start":{"line":87,"column":0},"end":{"line":87,"column":48}},"87":{"start":{"line":88,"column":0},"end":{"line":88,"column":48}},"88":{"start":{"line":89,"column":0},"end":{"line":89,"column":48}},"89":{"start":{"line":90,"column":0},"end":{"line":90,"column":48}},"90":{"start":{"line":91,"column":0},"end":{"line":91,"column":48}},"91":{"start":{"line":92,"column":0},"end":{"line":92,"column":48}},"92":{"start":{"line":93,"column":0},"end":{"line":93,"column":48}},"93":{"start":{"line":94,"column":0},"end":{"line":94,"column":48}},"94":{"start":{"line":95,"column":0},"end":{"line":95,"column":48}},"95":{"start":{"line":96,"column":0},"end":{"line":96,"column":48}},"96":{"start":{"line":97,"column":0},"end":{"line":97,"column":2}},"102":{"start":{"line":103,"column":0},"end":{"line":103,"column":52}},"103":{"start":{"line":104,"column":0},"end":{"line":104,"column":30}},"104":{"start":{"line":105,"column":0},"end":{"line":105,"column":27}},"105":{"start":{"line":106,"column":0},"end":{"line":106,"column":105}},"106":{"start":{"line":107,"column":0},"end":{"line":107,"column":1}}},"s":{"24":1,"26":1,"27":1,"28":1,"29":1,"30":1,"31":1,"32":1,"33":1,"34":1,"35":1,"36":1,"37":1,"38":1,"39":1,"40":1,"41":1,"44":1,"45":1,"46":1,"47":1,"48":1,"49":1,"50":1,"51":1,"52":1,"53":1,"54":1,"55":1,"56":1,"57":1,"58":1,"59":1,"62":1,"63":1,"64":1,"65":1,"66":1,"67":1,"68":1,"69":1,"70":1,"71":1,"72":1,"73":1,"74":1,"75":1,"76":1,"77":1,"80":1,"81":1,"82":1,"83":1,"84":1,"85":1,"86":1,"87":1,"88":1,"89":1,"90":1,"91":1,"92":1,"93":1,"94":1,"95":1,"96":1,"102":1,"103":1,"104":64,"105":64,"106":64},"branchMap":{"0":{"type":"branch","line":104,"loc":{"start":{"line":104,"column":29},"end":{"line":107,"column":1}},"locations":[{"start":{"line":104,"column":29},"end":{"line":107,"column":1}}]}},"b":{"0":[64]},"fnMap":{},"f":{}}
,"C:\\Users\\maxam\\workspace\\rkd-emulator-nes\\src\\rom\\RomHeader.ts": {"path":"C:\\Users\\maxam\\workspace\\rkd-emulator-nes\\src\\rom\\RomHeader.ts","all":false,"statementMap":{"1":{"start":{"line":2,"column":0},"end":{"line":2,"column":24}},"2":{"start":{"line":3,"column":0},"end":{"line":3,"column":29}},"3":{"start":{"line":4,"column":0},"end":{"line":4,"column":29}},"4":{"start":{"line":5,"column":0},"end":{"line":5,"column":25}},"5":{"start":{"line":6,"column":0},"end":{"line":6,"column":25}},"6":{"start":{"line":7,"column":0},"end":{"line":7,"column":25}},"7":{"start":{"line":8,"column":0},"end":{"line":8,"column":30}},"8":{"start":{"line":9,"column":0},"end":{"line":9,"column":30}},"9":{"start":{"line":10,"column":0},"end":{"line":10,"column":33}},"10":{"start":{"line":11,"column":0},"end":{"line":11,"column":37}},"13":{"start":{"line":14,"column":0},"end":{"line":14,"column":26}},"14":{"start":{"line":15,"column":0},"end":{"line":15,"column":30}},"15":{"start":{"line":16,"column":0},"end":{"line":16,"column":27}},"16":{"start":{"line":17,"column":0},"end":{"line":17,"column":27}},"19":{"start":{"line":20,"column":0},"end":{"line":20,"column":26}},"21":{"start":{"line":22,"column":0},"end":{"line":22,"column":43}},"22":{"start":{"line":23,"column":0},"end":{"line":23,"column":8}},"23":{"start":{"line":24,"column":0},"end":{"line":24,"column":27}},"24":{"start":{"line":25,"column":0},"end":{"line":25,"column":34}},"25":{"start":{"line":26,"column":0},"end":{"line":26,"column":34}},"26":{"start":{"line":27,"column":0},"end":{"line":27,"column":34}},"27":{"start":{"line":28,"column":0},"end":{"line":28,"column":24}},"28":{"start":{"line":29,"column":0},"end":{"line":29,"column":7}},"29":{"start":{"line":30,"column":0},"end":{"line":30,"column":78}},"30":{"start":{"line":31,"column":0},"end":{"line":31,"column":5}},"32":{"start":{"line":33,"column":0},"end":{"line":33,"column":27}},"33":{"start":{"line":34,"column":0},"end":{"line":34,"column":27}},"36":{"start":{"line":37,"column":0},"end":{"line":37,"column":47}},"39":{"start":{"line":40,"column":0},"end":{"line":40,"column":22}},"42":{"start":{"line":43,"column":0},"end":{"line":43,"column":30}},"43":{"start":{"line":44,"column":0},"end":{"line":44,"column":30}},"44":{"start":{"line":45,"column":0},"end":{"line":45,"column":74}},"45":{"start":{"line":46,"column":0},"end":{"line":46,"column":44}},"46":{"start":{"line":47,"column":0},"end":{"line":47,"column":58}},"48":{"start":{"line":49,"column":0},"end":{"line":49,"column":44}},"49":{"start":{"line":50,"column":0},"end":{"line":50,"column":43}},"50":{"start":{"line":51,"column":0},"end":{"line":51,"column":12}},"52":{"start":{"line":53,"column":0},"end":{"line":53,"column":45}},"53":{"start":{"line":54,"column":0},"end":{"line":54,"column":44}},"54":{"start":{"line":55,"column":0},"end":{"line":55,"column":5}},"57":{"start":{"line":58,"column":0},"end":{"line":58,"column":55}},"58":{"start":{"line":59,"column":0},"end":{"line":59,"column":53}},"59":{"start":{"line":60,"column":0},"end":{"line":60,"column":53}},"60":{"start":{"line":61,"column":0},"end":{"line":61,"column":53}},"63":{"start":{"line":64,"column":0},"end":{"line":64,"column":22}},"65":{"start":{"line":66,"column":0},"end":{"line":66,"column":42}},"66":{"start":{"line":67,"column":0},"end":{"line":67,"column":43}},"67":{"start":{"line":68,"column":0},"end":{"line":68,"column":33}},"68":{"start":{"line":69,"column":0},"end":{"line":69,"column":47}},"69":{"start":{"line":70,"column":0},"end":{"line":70,"column":12}},"71":{"start":{"line":72,"column":0},"end":{"line":72,"column":66}},"72":{"start":{"line":73,"column":0},"end":{"line":73,"column":5}},"75":{"start":{"line":76,"column":0},"end":{"line":76,"column":48}},"76":{"start":{"line":77,"column":0},"end":{"line":77,"column":54}},"77":{"start":{"line":78,"column":0},"end":{"line":78,"column":51}},"78":{"start":{"line":79,"column":0},"end":{"line":79,"column":3}},"79":{"start":{"line":80,"column":0},"end":{"line":80,"column":1}}},"s":{"1":1,"2":6,"3":6,"4":6,"5":6,"6":6,"7":6,"8":6,"9":6,"10":6,"13":6,"14":6,"15":6,"16":6,"19":6,"21":6,"22":6,"23":6,"24":6,"25":5,"26":5,"27":5,"28":6,"29":1,"30":1,"32":5,"33":5,"36":5,"39":6,"42":0,"43":0,"44":0,"45":0,"46":0,"48":0,"49":0,"50":6,"52":5,"53":5,"54":5,"57":5,"58":5,"59":5,"60":5,"63":6,"65":0,"66":0,"67":0,"68":0,"69":6,"71":5,"72":5,"75":6,"76":6,"77":6,"78":6,"79":6},"branchMap":{"0":{"type":"branch","line":2,"loc":{"start":{"line":2,"column":23},"end":{"line":80,"column":1}},"locations":[{"start":{"line":2,"column":23},"end":{"line":80,"column":1}}]},"1":{"type":"branch","line":22,"loc":{"start":{"line":22,"column":2},"end":{"line":79,"column":3}},"locations":[{"start":{"line":22,"column":2},"end":{"line":79,"column":3}}]},"2":{"type":"branch","line":25,"loc":{"start":{"line":25,"column":20},"end":{"line":26,"column":34}},"locations":[{"start":{"line":25,"column":20},"end":{"line":26,"column":34}}]},"3":{"type":"branch","line":26,"loc":{"start":{"line":26,"column":20},"end":{"line":27,"column":34}},"locations":[{"start":{"line":26,"column":20},"end":{"line":27,"column":34}}]},"4":{"type":"branch","line":27,"loc":{"start":{"line":27,"column":20},"end":{"line":28,"column":24}},"locations":[{"start":{"line":27,"column":20},"end":{"line":28,"column":24}}]},"5":{"type":"branch","line":29,"loc":{"start":{"line":29,"column":6},"end":{"line":31,"column":5}},"locations":[{"start":{"line":29,"column":6},"end":{"line":31,"column":5}}]},"6":{"type":"branch","line":31,"loc":{"start":{"line":31,"column":4},"end":{"line":40,"column":21}},"locations":[{"start":{"line":31,"column":4},"end":{"line":40,"column":21}}]},"7":{"type":"branch","line":40,"loc":{"start":{"line":40,"column":21},"end":{"line":51,"column":11}},"locations":[{"start":{"line":40,"column":21},"end":{"line":51,"column":11}}]},"8":{"type":"branch","line":51,"loc":{"start":{"line":51,"column":4},"end":{"line":64,"column":21}},"locations":[{"start":{"line":51,"column":4},"end":{"line":64,"column":21}}]},"9":{"type":"branch","line":64,"loc":{"start":{"line":64,"column":21},"end":{"line":70,"column":11}},"locations":[{"start":{"line":64,"column":21},"end":{"line":70,"column":11}}]},"10":{"type":"branch","line":70,"loc":{"start":{"line":70,"column":4},"end":{"line":76,"column":41}},"locations":[{"start":{"line":70,"column":4},"end":{"line":76,"column":41}}]},"11":{"type":"branch","line":76,"loc":{"start":{"line":76,"column":28},"end":{"line":76,"column":47}},"locations":[{"start":{"line":76,"column":28},"end":{"line":76,"column":47}}]},"12":{"type":"branch","line":76,"loc":{"start":{"line":76,"column":41},"end":{"line":76,"column":48}},"locations":[{"start":{"line":76,"column":41},"end":{"line":76,"column":48}}]}},"b":{"0":[6],"1":[6],"2":[5],"3":[5],"4":[5],"5":[1],"6":[5],"7":[0],"8":[5],"9":[0],"10":[5],"11":[2],"12":[3]},"fnMap":{"0":{"name":"<instance_members_initializer>","decl":{"start":{"line":2,"column":23},"end":{"line":80,"column":1}},"loc":{"start":{"line":2,"column":23},"end":{"line":80,"column":1}},"line":2},"1":{"name":"RomHeader","decl":{"start":{"line":22,"column":2},"end":{"line":79,"column":3}},"loc":{"start":{"line":22,"column":2},"end":{"line":79,"column":3}},"line":22}},"f":{"0":6,"1":6}}
,"C:\\Users\\maxam\\workspace\\rkd-emulator-nes\\src\\rom\\RomLoader.ts": {"path":"C:\\Users\\maxam\\workspace\\rkd-emulator-nes\\src\\rom\\RomLoader.ts","all":false,"statementMap":{"1":{"start":{"line":2,"column":0},"end":{"line":2,"column":39}},"3":{"start":{"line":4,"column":0},"end":{"line":4,"column":24}},"4":{"start":{"line":5,"column":0},"end":{"line":5,"column":19}},"5":{"start":{"line":6,"column":0},"end":{"line":6,"column":20}},"6":{"start":{"line":7,"column":0},"end":{"line":7,"column":20}},"7":{"start":{"line":8,"column":0},"end":{"line":8,"column":22}},"9":{"start":{"line":10,"column":0},"end":{"line":10,"column":44}},"11":{"start":{"line":12,"column":0},"end":{"line":12,"column":30}},"12":{"start":{"line":13,"column":0},"end":{"line":13,"column":62}},"13":{"start":{"line":14,"column":0},"end":{"line":14,"column":5}},"16":{"start":{"line":17,"column":0},"end":{"line":17,"column":53}},"19":{"start":{"line":20,"column":0},"end":{"line":20,"column":33}},"20":{"start":{"line":21,"column":0},"end":{"line":21,"column":43}},"21":{"start":{"line":22,"column":0},"end":{"line":22,"column":51}},"22":{"start":{"line":23,"column":0},"end":{"line":23,"column":34}},"23":{"start":{"line":24,"column":0},"end":{"line":24,"column":74}},"24":{"start":{"line":25,"column":0},"end":{"line":25,"column":7}},"25":{"start":{"line":26,"column":0},"end":{"line":26,"column":48}},"26":{"start":{"line":27,"column":0},"end":{"line":27,"column":5}},"29":{"start":{"line":30,"column":0},"end":{"line":30,"column":41}},"30":{"start":{"line":31,"column":0},"end":{"line":31,"column":52}},"31":{"start":{"line":32,"column":0},"end":{"line":32,"column":41}},"32":{"start":{"line":33,"column":0},"end":{"line":33,"column":52}},"35":{"start":{"line":36,"column":0},"end":{"line":36,"column":34}},"36":{"start":{"line":37,"column":0},"end":{"line":37,"column":58}},"37":{"start":{"line":38,"column":0},"end":{"line":38,"column":5}},"38":{"start":{"line":39,"column":0},"end":{"line":39,"column":34}},"39":{"start":{"line":40,"column":0},"end":{"line":40,"column":58}},"40":{"start":{"line":41,"column":0},"end":{"line":41,"column":5}},"43":{"start":{"line":44,"column":0},"end":{"line":44,"column":49}},"44":{"start":{"line":45,"column":0},"end":{"line":45,"column":49}},"45":{"start":{"line":46,"column":0},"end":{"line":46,"column":3}},"47":{"start":{"line":48,"column":0},"end":{"line":48,"column":57}},"48":{"start":{"line":49,"column":0},"end":{"line":49,"column":48}},"49":{"start":{"line":50,"column":0},"end":{"line":50,"column":53}},"50":{"start":{"line":51,"column":0},"end":{"line":51,"column":3}},"52":{"start":{"line":53,"column":0},"end":{"line":53,"column":57}},"53":{"start":{"line":54,"column":0},"end":{"line":54,"column":37}},"54":{"start":{"line":55,"column":0},"end":{"line":55,"column":23}},"55":{"start":{"line":56,"column":0},"end":{"line":56,"column":87}},"56":{"start":{"line":57,"column":0},"end":{"line":57,"column":5}},"57":{"start":{"line":58,"column":0},"end":{"line":58,"column":52}},"58":{"start":{"line":59,"column":0},"end":{"line":59,"column":53}},"59":{"start":{"line":60,"column":0},"end":{"line":60,"column":3}},"60":{"start":{"line":61,"column":0},"end":{"line":61,"column":1}}},"s":{"1":1,"3":1,"4":6,"5":6,"6":6,"7":6,"9":6,"11":6,"12":0,"13":0,"16":6,"19":6,"20":2,"21":2,"22":2,"23":1,"24":1,"25":1,"26":1,"29":4,"30":4,"31":4,"32":4,"35":6,"36":1,"37":1,"38":6,"39":1,"40":1,"43":2,"44":2,"45":6,"47":6,"48":0,"49":0,"50":0,"52":6,"53":0,"54":0,"55":0,"56":0,"57":0,"58":0,"59":0,"60":6},"branchMap":{"0":{"type":"branch","line":4,"loc":{"start":{"line":4,"column":23},"end":{"line":61,"column":1}},"locations":[{"start":{"line":4,"column":23},"end":{"line":61,"column":1}}]},"1":{"type":"branch","line":10,"loc":{"start":{"line":10,"column":2},"end":{"line":46,"column":3}},"locations":[{"start":{"line":10,"column":2},"end":{"line":46,"column":3}}]},"2":{"type":"branch","line":12,"loc":{"start":{"line":12,"column":29},"end":{"line":14,"column":5}},"locations":[{"start":{"line":12,"column":29},"end":{"line":14,"column":5}}]},"3":{"type":"branch","line":20,"loc":{"start":{"line":20,"column":32},"end":{"line":27,"column":5}},"locations":[{"start":{"line":20,"column":32},"end":{"line":27,"column":5}}]},"4":{"type":"branch","line":23,"loc":{"start":{"line":23,"column":33},"end":{"line":27,"column":5}},"locations":[{"start":{"line":23,"column":33},"end":{"line":27,"column":5}}]},"5":{"type":"branch","line":27,"loc":{"start":{"line":27,"column":4},"end":{"line":36,"column":33}},"locations":[{"start":{"line":27,"column":4},"end":{"line":36,"column":33}}]},"6":{"type":"branch","line":36,"loc":{"start":{"line":36,"column":33},"end":{"line":38,"column":5}},"locations":[{"start":{"line":36,"column":33},"end":{"line":38,"column":5}}]},"7":{"type":"branch","line":38,"loc":{"start":{"line":38,"column":4},"end":{"line":39,"column":33}},"locations":[{"start":{"line":38,"column":4},"end":{"line":39,"column":33}}]},"8":{"type":"branch","line":39,"loc":{"start":{"line":39,"column":33},"end":{"line":41,"column":5}},"locations":[{"start":{"line":39,"column":33},"end":{"line":41,"column":5}}]},"9":{"type":"branch","line":41,"loc":{"start":{"line":41,"column":4},"end":{"line":45,"column":49}},"locations":[{"start":{"line":41,"column":4},"end":{"line":45,"column":49}}]}},"b":{"0":[6],"1":[6],"2":[0],"3":[2],"4":[1],"5":[4],"6":[1],"7":[3],"8":[1],"9":[2]},"fnMap":{"0":{"name":"<instance_members_initializer>","decl":{"start":{"line":4,"column":23},"end":{"line":61,"column":1}},"loc":{"start":{"line":4,"column":23},"end":{"line":61,"column":1}},"line":4},"1":{"name":"RomLoader","decl":{"start":{"line":10,"column":2},"end":{"line":46,"column":3}},"loc":{"start":{"line":10,"column":2},"end":{"line":46,"column":3}},"line":10},"2":{"name":"fromFile","decl":{"start":{"line":48,"column":2},"end":{"line":51,"column":3}},"loc":{"start":{"line":48,"column":2},"end":{"line":51,"column":3}},"line":48},"3":{"name":"fromUrl","decl":{"start":{"line":53,"column":2},"end":{"line":60,"column":3}},"loc":{"start":{"line":53,"column":2},"end":{"line":60,"column":3}},"line":53}},"f":{"0":6,"1":6,"2":0,"3":0}}
,"C:\\Users\\maxam\\workspace\\rkd-emulator-nes\\src\\rom\\TestRomBuilder.ts": {"path":"C:\\Users\\maxam\\workspace\\rkd-emulator-nes\\src\\rom\\TestRomBuilder.ts","all":true,"statementMap":{"4":{"start":{"line":5,"column":0},"end":{"line":5,"column":44}},"5":{"start":{"line":6,"column":0},"end":{"line":6,"column":35}},"6":{"start":{"line":7,"column":0},"end":{"line":7,"column":25}},"7":{"start":{"line":8,"column":0},"end":{"line":8,"column":25}},"8":{"start":{"line":9,"column":0},"end":{"line":9,"column":25}},"9":{"start":{"line":10,"column":0},"end":{"line":10,"column":18}},"10":{"start":{"line":11,"column":0},"end":{"line":11,"column":28}},"11":{"start":{"line":12,"column":0},"end":{"line":12,"column":27}},"12":{"start":{"line":13,"column":0},"end":{"line":13,"column":28}},"13":{"start":{"line":14,"column":0},"end":{"line":14,"column":28}},"15":{"start":{"line":16,"column":0},"end":{"line":16,"column":70}},"16":{"start":{"line":17,"column":0},"end":{"line":17,"column":48}},"19":{"start":{"line":20,"column":0},"end":{"line":20,"column":86}},"20":{"start":{"line":21,"column":0},"end":{"line":21,"column":26}},"23":{"start":{"line":24,"column":0},"end":{"line":24,"column":32}},"24":{"start":{"line":25,"column":0},"end":{"line":25,"column":42}},"26":{"start":{"line":27,"column":0},"end":{"line":27,"column":52}},"27":{"start":{"line":28,"column":0},"end":{"line":28,"column":1}}},"s":{"4":0,"5":0,"6":0,"7":0,"8":0,"9":0,"10":0,"11":0,"12":0,"13":0,"15":0,"16":0,"19":0,"20":0,"23":0,"24":0,"26":0,"27":0},"branchMap":{"0":{"type":"branch","line":1,"loc":{"start":{"line":1,"column":997},"end":{"line":28,"column":1}},"locations":[{"start":{"line":1,"column":997},"end":{"line":28,"column":1}}]}},"b":{"0":[1]},"fnMap":{"0":{"name":"(empty-report)","decl":{"start":{"line":1,"column":997},"end":{"line":28,"column":1}},"loc":{"start":{"line":1,"column":997},"end":{"line":28,"column":1}},"line":1}},"f":{"0":1}}
}
